{
  "numTotalTestSuites": 44,
  "numPassedTestSuites": 10,
  "numFailedTestSuites": 34,
  "numPendingTestSuites": 0,
  "numTotalTests": 122,
  "numPassedTests": 59,
  "numFailedTests": 63,
  "numPendingTests": 0,
  "numTodoTests": 0,
  "snapshot": {
    "added": 0,
    "failure": false,
    "filesAdded": 0,
    "filesRemoved": 0,
    "filesRemovedList": [],
    "filesUnmatched": 0,
    "filesUpdated": 0,
    "matched": 0,
    "total": 0,
    "unchecked": 0,
    "uncheckedKeysByFile": [],
    "unmatched": 0,
    "updated": 0,
    "didUpdate": false
  },
  "startTime": 1770077913386,
  "success": false,
  "testResults": [
    {
      "assertionResults": [],
      "startTime": 1770077913386,
      "endTime": 1770077913386,
      "status": "failed",
      "message": "No test suite found in file C:/Users/bjvan/node/nrpc/base.test.ts",
      "name": "C:/Users/bjvan/node/nrpc/base.test.ts"
    },
    {
      "assertionResults": [
        {
          "ancestorTitles": ["Builders", "router()"],
          "fullName": "Builders router() creates a router with correct tag",
          "status": "passed",
          "title": "creates a router with correct tag",
          "duration": 1.1983999999999924,
          "failureMessages": [],
          "meta": {}
        },
        {
          "ancestorTitles": ["Builders", "router()"],
          "fullName": "Builders router() stores middleware function",
          "status": "passed",
          "title": "stores middleware function",
          "duration": 0.20109999999999673,
          "failureMessages": [],
          "meta": {}
        },
        {
          "ancestorTitles": ["Builders", "router()"],
          "fullName": "Builders router() stores routes",
          "status": "passed",
          "title": "stores routes",
          "duration": 0.17140000000000555,
          "failureMessages": [],
          "meta": {}
        },
        {
          "ancestorTitles": ["Builders", "router()"],
          "fullName": "Builders router() supports async middleware",
          "status": "passed",
          "title": "supports async middleware",
          "duration": 0.162399999999991,
          "failureMessages": [],
          "meta": {}
        },
        {
          "ancestorTitles": ["Builders", "query()"],
          "fullName": "Builders query() creates a query with correct tag",
          "status": "passed",
          "title": "creates a query with correct tag",
          "duration": 0.17390000000000327,
          "failureMessages": [],
          "meta": {}
        },
        {
          "ancestorTitles": ["Builders", "query()"],
          "fullName": "Builders query() stores method without validator",
          "status": "passed",
          "title": "stores method without validator",
          "duration": 0.23349999999999227,
          "failureMessages": [],
          "meta": {}
        },
        {
          "ancestorTitles": ["Builders", "query()"],
          "fullName": "Builders query() creates default validator when none provided",
          "status": "passed",
          "title": "creates default validator when none provided",
          "duration": 0.15749999999997044,
          "failureMessages": [],
          "meta": {}
        },
        {
          "ancestorTitles": ["Builders", "query()"],
          "fullName": "Builders query() stores validator and method when provided",
          "status": "passed",
          "title": "stores validator and method when provided",
          "duration": 0.9861000000000217,
          "failureMessages": [],
          "meta": {}
        },
        {
          "ancestorTitles": ["Builders", "query()"],
          "fullName": "Builders query() supports async methods",
          "status": "passed",
          "title": "supports async methods",
          "duration": 0.22100000000000364,
          "failureMessages": [],
          "meta": {}
        },
        {
          "ancestorTitles": ["Builders", "query()"],
          "fullName": "Builders query() works with custom validator functions",
          "status": "passed",
          "title": "works with custom validator functions",
          "duration": 0.28010000000000446,
          "failureMessages": [],
          "meta": {}
        },
        {
          "ancestorTitles": ["Builders", "subscription()"],
          "fullName": "Builders subscription() creates a subscription with correct tag",
          "status": "passed",
          "title": "creates a subscription with correct tag",
          "duration": 0.14660000000003492,
          "failureMessages": [],
          "meta": {}
        },
        {
          "ancestorTitles": ["Builders", "subscription()"],
          "fullName": "Builders subscription() stores method without validator",
          "status": "passed",
          "title": "stores method without validator",
          "duration": 0.11920000000003483,
          "failureMessages": [],
          "meta": {}
        },
        {
          "ancestorTitles": ["Builders", "subscription()"],
          "fullName": "Builders subscription() creates default validator when none provided",
          "status": "passed",
          "title": "creates default validator when none provided",
          "duration": 0.08949999999998681,
          "failureMessages": [],
          "meta": {}
        },
        {
          "ancestorTitles": ["Builders", "subscription()"],
          "fullName": "Builders subscription() stores validator and method when provided",
          "status": "passed",
          "title": "stores validator and method when provided",
          "duration": 0.16250000000002274,
          "failureMessages": [],
          "meta": {}
        },
        {
          "ancestorTitles": ["Builders", "subscription()"],
          "fullName": "Builders subscription() supports async generator methods",
          "status": "passed",
          "title": "supports async generator methods",
          "duration": 0.5727000000000544,
          "failureMessages": [],
          "meta": {}
        },
        {
          "ancestorTitles": ["Builders", "subscription()"],
          "fullName": "Builders subscription() works with custom validator functions",
          "status": "passed",
          "title": "works with custom validator functions",
          "duration": 0.12290000000001555,
          "failureMessages": [],
          "meta": {}
        },
        {
          "ancestorTitles": ["Builders", "Type combinations"],
          "fullName": "Builders Type combinations supports mixed routes with queries and subscriptions",
          "status": "passed",
          "title": "supports mixed routes with queries and subscriptions",
          "duration": 0.19309999999995853,
          "failureMessages": [],
          "meta": {}
        },
        {
          "ancestorTitles": ["Builders", "Type combinations"],
          "fullName": "Builders Type combinations supports nested routers with mixed routes",
          "status": "passed",
          "title": "supports nested routers with mixed routes",
          "duration": 0.18259999999997945,
          "failureMessages": [],
          "meta": {}
        }
      ],
      "startTime": 1770077913771,
      "endTime": 1770077913777.193,
      "status": "passed",
      "message": "",
      "name": "C:/Users/bjvan/node/nrpc/tests/builders.test.ts"
    },
    {
      "assertionResults": [
        {
          "ancestorTitles": [
            "Child Process Communication",
            "Basic query execution"
          ],
          "fullName": "Child Process Communication Basic query execution executes simple query through child process",
          "status": "failed",
          "title": "executes simple query through child process",
          "duration": 50.5317,
          "failureMessages": [
            "Error: Child process exited with code 1\n    at ChildProcess.<anonymous> (C:/Users/bjvan/node/nrpc/tests/fixtures.ts:345:16)\n    at ChildProcess.emit (node:events:507:28)\n    at Process.ChildProcess._handle.onexit (node:internal/child_process:294:12)"
          ],
          "meta": {}
        },
        {
          "ancestorTitles": [
            "Child Process Communication",
            "Basic query execution"
          ],
          "fullName": "Child Process Communication Basic query execution executes query with parameters through child process",
          "status": "failed",
          "title": "executes query with parameters through child process",
          "duration": 44.54240000000004,
          "failureMessages": [
            "Error: Child process exited with code 1\n    at ChildProcess.<anonymous> (C:/Users/bjvan/node/nrpc/tests/fixtures.ts:345:16)\n    at ChildProcess.emit (node:events:507:28)\n    at Process.ChildProcess._handle.onexit (node:internal/child_process:294:12)"
          ],
          "meta": {}
        },
        {
          "ancestorTitles": [
            "Child Process Communication",
            "Basic query execution"
          ],
          "fullName": "Child Process Communication Basic query execution executes multiple queries in sequence",
          "status": "failed",
          "title": "executes multiple queries in sequence",
          "duration": 51.51080000000002,
          "failureMessages": [
            "Error: Child process exited with code 1\n    at ChildProcess.<anonymous> (C:/Users/bjvan/node/nrpc/tests/fixtures.ts:345:16)\n    at ChildProcess.emit (node:events:507:28)\n    at Process.ChildProcess._handle.onexit (node:internal/child_process:294:12)"
          ],
          "meta": {}
        },
        {
          "ancestorTitles": [
            "Child Process Communication",
            "Basic query execution"
          ],
          "fullName": "Child Process Communication Basic query execution executes queries in parallel",
          "status": "failed",
          "title": "executes queries in parallel",
          "duration": 50.11949999999996,
          "failureMessages": [
            "Error: Child process exited with code 1\n    at ChildProcess.<anonymous> (C:/Users/bjvan/node/nrpc/tests/fixtures.ts:345:16)\n    at ChildProcess.emit (node:events:507:28)\n    at Process.ChildProcess._handle.onexit (node:internal/child_process:294:12)"
          ],
          "meta": {}
        },
        {
          "ancestorTitles": [
            "Child Process Communication",
            "Subscription execution"
          ],
          "fullName": "Child Process Communication Subscription execution receives subscription data through child process",
          "status": "failed",
          "title": "receives subscription data through child process",
          "duration": 45.086400000000026,
          "failureMessages": [
            "Error: Child process exited with code 1\n    at ChildProcess.<anonymous> (C:/Users/bjvan/node/nrpc/tests/fixtures.ts:345:16)\n    at ChildProcess.emit (node:events:507:28)\n    at Process.ChildProcess._handle.onexit (node:internal/child_process:294:12)"
          ],
          "meta": {}
        },
        {
          "ancestorTitles": [
            "Child Process Communication",
            "Subscription execution"
          ],
          "fullName": "Child Process Communication Subscription execution receives subscription with input through child process",
          "status": "failed",
          "title": "receives subscription with input through child process",
          "duration": 45.52480000000003,
          "failureMessages": [
            "Error: Child process exited with code 1\n    at ChildProcess.<anonymous> (C:/Users/bjvan/node/nrpc/tests/fixtures.ts:345:16)\n    at ChildProcess.emit (node:events:507:28)\n    at Process.ChildProcess._handle.onexit (node:internal/child_process:294:12)"
          ],
          "meta": {}
        },
        {
          "ancestorTitles": [
            "Child Process Communication",
            "Subscription execution"
          ],
          "fullName": "Child Process Communication Subscription execution handles multiple subscriptions concurrently",
          "status": "failed",
          "title": "handles multiple subscriptions concurrently",
          "duration": 44.16719999999998,
          "failureMessages": [
            "Error: Child process exited with code 1\n    at ChildProcess.<anonymous> (C:/Users/bjvan/node/nrpc/tests/fixtures.ts:345:16)\n    at ChildProcess.emit (node:events:507:28)\n    at Process.ChildProcess._handle.onexit (node:internal/child_process:294:12)"
          ],
          "meta": {}
        },
        {
          "ancestorTitles": [
            "Child Process Communication",
            "Error handling through child process"
          ],
          "fullName": "Child Process Communication Error handling through child process propagates query errors",
          "status": "failed",
          "title": "propagates query errors",
          "duration": 42.52970000000005,
          "failureMessages": [
            "Error: Child process exited with code 1\n    at ChildProcess.<anonymous> (C:/Users/bjvan/node/nrpc/tests/fixtures.ts:345:16)\n    at ChildProcess.emit (node:events:507:28)\n    at Process.ChildProcess._handle.onexit (node:internal/child_process:294:12)"
          ],
          "meta": {}
        },
        {
          "ancestorTitles": [
            "Child Process Communication",
            "Error handling through child process"
          ],
          "fullName": "Child Process Communication Error handling through child process handles invalid route",
          "status": "failed",
          "title": "handles invalid route",
          "duration": 45.3134,
          "failureMessages": [
            "Error: Child process exited with code 1\n    at ChildProcess.<anonymous> (C:/Users/bjvan/node/nrpc/tests/fixtures.ts:345:16)\n    at ChildProcess.emit (node:events:507:28)\n    at Process.ChildProcess._handle.onexit (node:internal/child_process:294:12)"
          ],
          "meta": {}
        },
        {
          "ancestorTitles": [
            "Child Process Communication",
            "Nested routers through child process"
          ],
          "fullName": "Child Process Communication Nested routers through child process routes through nested routers",
          "status": "failed",
          "title": "routes through nested routers",
          "duration": 42.93290000000002,
          "failureMessages": [
            "Error: Child process exited with code 1\n    at ChildProcess.<anonymous> (C:/Users/bjvan/node/nrpc/tests/fixtures.ts:345:16)\n    at ChildProcess.emit (node:events:507:28)\n    at Process.ChildProcess._handle.onexit (node:internal/child_process:294:12)"
          ],
          "meta": {}
        },
        {
          "ancestorTitles": [
            "Child Process Communication",
            "Nested routers through child process"
          ],
          "fullName": "Child Process Communication Nested routers through child process executes subscription in nested router",
          "status": "failed",
          "title": "executes subscription in nested router",
          "duration": 44.97179999999992,
          "failureMessages": [
            "Error: Child process exited with code 1\n    at ChildProcess.<anonymous> (C:/Users/bjvan/node/nrpc/tests/fixtures.ts:345:16)\n    at ChildProcess.emit (node:events:507:28)\n    at Process.ChildProcess._handle.onexit (node:internal/child_process:294:12)"
          ],
          "meta": {}
        },
        {
          "ancestorTitles": [
            "Child Process Communication",
            "Serialization with advanced"
          ],
          "fullName": "Child Process Communication Serialization with advanced serializes and deserializes JSON through child process",
          "status": "failed",
          "title": "serializes and deserializes JSON through child process",
          "duration": 44.280599999999936,
          "failureMessages": [
            "Error: Child process exited with code 1\n    at ChildProcess.<anonymous> (C:/Users/bjvan/node/nrpc/tests/fixtures.ts:345:16)\n    at ChildProcess.emit (node:events:507:28)\n    at Process.ChildProcess._handle.onexit (node:internal/child_process:294:12)"
          ],
          "meta": {}
        },
        {
          "ancestorTitles": [
            "Child Process Communication",
            "Serialization with advanced"
          ],
          "fullName": "Child Process Communication Serialization with advanced handles null and undefined through child process",
          "status": "failed",
          "title": "handles null and undefined through child process",
          "duration": 41.05439999999999,
          "failureMessages": [
            "Error: Child process exited with code 1\n    at ChildProcess.<anonymous> (C:/Users/bjvan/node/nrpc/tests/fixtures.ts:345:16)\n    at ChildProcess.emit (node:events:507:28)\n    at Process.ChildProcess._handle.onexit (node:internal/child_process:294:12)"
          ],
          "meta": {}
        },
        {
          "ancestorTitles": [
            "Child Process Communication",
            "Serialization with advanced"
          ],
          "fullName": "Child Process Communication Serialization with advanced handles Buffer through advanced serialization",
          "status": "failed",
          "title": "handles Buffer through advanced serialization",
          "duration": 39.948800000000006,
          "failureMessages": [
            "Error: Child process exited with code 1\n    at ChildProcess.<anonymous> (C:/Users/bjvan/node/nrpc/tests/fixtures.ts:345:16)\n    at ChildProcess.emit (node:events:507:28)\n    at Process.ChildProcess._handle.onexit (node:internal/child_process:294:12)"
          ],
          "meta": {}
        },
        {
          "ancestorTitles": [
            "Child Process Communication",
            "Serialization with advanced"
          ],
          "fullName": "Child Process Communication Serialization with advanced handles complex nested structures",
          "status": "failed",
          "title": "handles complex nested structures",
          "duration": 41.109500000000025,
          "failureMessages": [
            "Error: Child process exited with code 1\n    at ChildProcess.<anonymous> (C:/Users/bjvan/node/nrpc/tests/fixtures.ts:345:16)\n    at ChildProcess.emit (node:events:507:28)\n    at Process.ChildProcess._handle.onexit (node:internal/child_process:294:12)"
          ],
          "meta": {}
        },
        {
          "ancestorTitles": [
            "Child Process Communication",
            "Child process cleanup"
          ],
          "fullName": "Child Process Communication Child process cleanup cleans up child process properly",
          "status": "failed",
          "title": "cleans up child process properly",
          "duration": 41.0551999999999,
          "failureMessages": [
            "Error: Child process exited with code 1\n    at ChildProcess.<anonymous> (C:/Users/bjvan/node/nrpc/tests/fixtures.ts:345:16)\n    at ChildProcess.emit (node:events:507:28)\n    at Process.ChildProcess._handle.onexit (node:internal/child_process:294:12)"
          ],
          "meta": {}
        }
      ],
      "startTime": 1770077913777,
      "endTime": 1770077914493.0552,
      "status": "failed",
      "message": "",
      "name": "C:/Users/bjvan/node/nrpc/tests/child-process.test.ts"
    },
    {
      "assertionResults": [
        {
          "ancestorTitles": ["getClient()", "message handling"],
          "fullName": "getClient() message handling returns client with onMsg, onClose, and proxy",
          "status": "passed",
          "title": "returns client with onMsg, onClose, and proxy",
          "duration": 1.367999999999995,
          "failureMessages": [],
          "meta": {}
        },
        {
          "ancestorTitles": ["getClient()", "message handling"],
          "fullName": "getClient() message handling handles query result messages",
          "status": "passed",
          "title": "handles query result messages",
          "duration": 0.3469000000000051,
          "failureMessages": [],
          "meta": {}
        },
        {
          "ancestorTitles": ["getClient()", "message handling"],
          "fullName": "getClient() message handling handles query error messages",
          "status": "passed",
          "title": "handles query error messages",
          "duration": 0.6072000000000344,
          "failureMessages": [],
          "meta": {}
        },
        {
          "ancestorTitles": ["getClient()", "message handling"],
          "fullName": "getClient() message handling handles subscription start messages",
          "status": "passed",
          "title": "handles subscription start messages",
          "duration": 0.19540000000000646,
          "failureMessages": [],
          "meta": {}
        },
        {
          "ancestorTitles": ["getClient()", "message handling"],
          "fullName": "getClient() message handling handles subscription data messages",
          "status": "passed",
          "title": "handles subscription data messages",
          "duration": 0.305499999999995,
          "failureMessages": [],
          "meta": {}
        },
        {
          "ancestorTitles": ["getClient()", "message handling"],
          "fullName": "getClient() message handling handles subscription end messages",
          "status": "failed",
          "title": "handles subscription end messages",
          "duration": 4.885000000000048,
          "failureMessages": [
            "AssertionError: expected undefined to be 'data-1' // Object.is equality\n    at C:/Users/bjvan/node/nrpc/tests/client.test.ts:133:29\n    at processTicksAndRejections (node:internal/process/task_queues:105:5)\n    at file:///C:/Users/bjvan/node/nrpc/node_modules/@vitest/runner/dist/index.js:915:20"
          ],
          "meta": {}
        },
        {
          "ancestorTitles": ["getClient()", "message handling"],
          "fullName": "getClient() message handling handles subscription error messages",
          "status": "failed",
          "title": "handles subscription error messages",
          "duration": 3.0807000000000357,
          "failureMessages": [
            "AssertionError: expected 'Should have thrown' to be 'Sub error' // Object.is equality\n    at C:/Users/bjvan/node/nrpc/tests/client.test.ts:165:29\n    at processTicksAndRejections (node:internal/process/task_queues:105:5)\n    at file:///C:/Users/bjvan/node/nrpc/node_modules/@vitest/runner/dist/index.js:915:20"
          ],
          "meta": {}
        },
        {
          "ancestorTitles": ["getClient()", "message handling"],
          "fullName": "getClient() message handling handles multiple concurrent requests",
          "status": "passed",
          "title": "handles multiple concurrent requests",
          "duration": 0.24360000000001492,
          "failureMessages": [],
          "meta": {}
        },
        {
          "ancestorTitles": ["getClient()", "message handling"],
          "fullName": "getClient() message handling handles multiple concurrent subscriptions",
          "status": "failed",
          "title": "handles multiple concurrent subscriptions",
          "duration": 5008.8396,
          "failureMessages": [
            "Error: STACK_TRACE_ERROR\n    at task (file:///C:/Users/bjvan/node/nrpc/node_modules/@vitest/runner/dist/index.js:796:27)\n    at Object.<anonymous> (file:///C:/Users/bjvan/node/nrpc/node_modules/@vitest/runner/dist/index.js:823:16)\n    at Object.<anonymous> (file:///C:/Users/bjvan/node/nrpc/node_modules/@vitest/runner/dist/index.js:615:28)\n    at chain (file:///C:/Users/bjvan/node/nrpc/node_modules/@vitest/runner/dist/chunk-tasks.js:9:14)\n    at C:/Users/bjvan/node/nrpc/tests/client.test.ts:204:5\n    at file:///C:/Users/bjvan/node/nrpc/node_modules/@vitest/runner/dist/index.js:901:40\n    at runWithSuite (file:///C:/Users/bjvan/node/nrpc/node_modules/@vitest/runner/dist/index.js:1195:8)\n    at Object.collect (file:///C:/Users/bjvan/node/nrpc/node_modules/@vitest/runner/dist/index.js:901:10)\n    at Object.collect (file:///C:/Users/bjvan/node/nrpc/node_modules/@vitest/runner/dist/index.js:905:54)\n    at processTicksAndRejections (node:internal/process/task_queues:105:5)\n    at Object.collect (file:///C:/Users/bjvan/node/nrpc/node_modules/@vitest/runner/dist/index.js:905:46)\n    at file:///C:/Users/bjvan/node/nrpc/node_modules/@vitest/runner/dist/index.js:1390:26\n    at collectTests (file:///C:/Users/bjvan/node/nrpc/node_modules/@vitest/runner/dist/index.js:1365:3)\n    at startTests (file:///C:/Users/bjvan/node/nrpc/node_modules/@vitest/runner/dist/index.js:1937:17)\n    at file:///C:/Users/bjvan/node/nrpc/node_modules/vitest/dist/chunks/base.CJ0Y4ePK.js:86:26"
          ],
          "meta": {}
        },
        {
          "ancestorTitles": ["getClient()", "request generation"],
          "fullName": "getClient() request generation generates request messages with correct structure",
          "status": "failed",
          "title": "generates request messages with correct structure",
          "duration": 0.9365999999999985,
          "failureMessages": [
            "Error: done() callback is deprecated, use promise instead\n    at context (file:///C:/Users/bjvan/node/nrpc/node_modules/@vitest/runner/dist/index.js:1272:9)\n    at C:/Users/bjvan/node/nrpc/tests/client.test.ts:271:7\n    at file:///C:/Users/bjvan/node/nrpc/node_modules/@vitest/runner/dist/index.js:145:11\n    at file:///C:/Users/bjvan/node/nrpc/node_modules/@vitest/runner/dist/index.js:915:26\n    at file:///C:/Users/bjvan/node/nrpc/node_modules/@vitest/runner/dist/index.js:1243:20\n    at new Promise (<anonymous>)\n    at runWithTimeout (file:///C:/Users/bjvan/node/nrpc/node_modules/@vitest/runner/dist/index.js:1209:10)\n    at file:///C:/Users/bjvan/node/nrpc/node_modules/@vitest/runner/dist/index.js:1653:37\n    at Traces.$ (file:///C:/Users/bjvan/node/nrpc/node_modules/vitest/dist/chunks/traces.CCmnQaNT.js:142:27)\n    at trace (file:///C:/Users/bjvan/node/nrpc/node_modules/vitest/dist/chunks/test.B8ej_ZHS.js:239:21)"
          ],
          "meta": {}
        },
        {
          "ancestorTitles": ["getClient()", "request generation"],
          "fullName": "getClient() request generation generates unique IDs for sequential requests",
          "status": "passed",
          "title": "generates unique IDs for sequential requests",
          "duration": 0.18469999999979336,
          "failureMessages": [],
          "meta": {}
        },
        {
          "ancestorTitles": ["getClient()", "request generation"],
          "fullName": "getClient() request generation builds nested paths for nested routes",
          "status": "failed",
          "title": "builds nested paths for nested routes",
          "duration": 0.45709999999962747,
          "failureMessages": [
            "Error: done() callback is deprecated, use promise instead\n    at context (file:///C:/Users/bjvan/node/nrpc/node_modules/@vitest/runner/dist/index.js:1272:9)\n    at C:/Users/bjvan/node/nrpc/tests/client.test.ts:296:7\n    at file:///C:/Users/bjvan/node/nrpc/node_modules/@vitest/runner/dist/index.js:145:11\n    at file:///C:/Users/bjvan/node/nrpc/node_modules/@vitest/runner/dist/index.js:915:26\n    at file:///C:/Users/bjvan/node/nrpc/node_modules/@vitest/runner/dist/index.js:1243:20\n    at new Promise (<anonymous>)\n    at runWithTimeout (file:///C:/Users/bjvan/node/nrpc/node_modules/@vitest/runner/dist/index.js:1209:10)\n    at file:///C:/Users/bjvan/node/nrpc/node_modules/@vitest/runner/dist/index.js:1653:37\n    at Traces.$ (file:///C:/Users/bjvan/node/nrpc/node_modules/vitest/dist/chunks/traces.CCmnQaNT.js:142:27)\n    at trace (file:///C:/Users/bjvan/node/nrpc/node_modules/vitest/dist/chunks/test.B8ej_ZHS.js:239:21)"
          ],
          "meta": {}
        },
        {
          "ancestorTitles": ["getClient()", "request generation"],
          "fullName": "getClient() request generation includes undefined for requests without input",
          "status": "failed",
          "title": "includes undefined for requests without input",
          "duration": 0.5588999999999942,
          "failureMessages": [
            "Error: done() callback is deprecated, use promise instead\n    at context (file:///C:/Users/bjvan/node/nrpc/node_modules/@vitest/runner/dist/index.js:1272:9)\n    at C:/Users/bjvan/node/nrpc/tests/client.test.ts:308:7\n    at file:///C:/Users/bjvan/node/nrpc/node_modules/@vitest/runner/dist/index.js:145:11\n    at file:///C:/Users/bjvan/node/nrpc/node_modules/@vitest/runner/dist/index.js:915:26\n    at file:///C:/Users/bjvan/node/nrpc/node_modules/@vitest/runner/dist/index.js:1243:20\n    at new Promise (<anonymous>)\n    at runWithTimeout (file:///C:/Users/bjvan/node/nrpc/node_modules/@vitest/runner/dist/index.js:1209:10)\n    at file:///C:/Users/bjvan/node/nrpc/node_modules/@vitest/runner/dist/index.js:1653:37\n    at Traces.$ (file:///C:/Users/bjvan/node/nrpc/node_modules/vitest/dist/chunks/traces.CCmnQaNT.js:142:27)\n    at trace (file:///C:/Users/bjvan/node/nrpc/node_modules/vitest/dist/chunks/test.B8ej_ZHS.js:239:21)"
          ],
          "meta": {}
        },
        {
          "ancestorTitles": ["getClient()", "proxy interface"],
          "fullName": "getClient() proxy interface proxy returns thenable for async/await compatibility",
          "status": "passed",
          "title": "proxy returns thenable for async/await compatibility",
          "duration": 0.6141000000006898,
          "failureMessages": [],
          "meta": {}
        },
        {
          "ancestorTitles": ["getClient()", "proxy interface"],
          "fullName": "getClient() proxy interface proxy does not return promise for .then access",
          "status": "passed",
          "title": "proxy does not return promise for .then access",
          "duration": 0.15089999999963766,
          "failureMessages": [],
          "meta": {}
        },
        {
          "ancestorTitles": ["getClient()", "proxy interface"],
          "fullName": "getClient() proxy interface allows deep nesting of proxy access",
          "status": "passed",
          "title": "allows deep nesting of proxy access",
          "duration": 0.11700000000018917,
          "failureMessages": [],
          "meta": {}
        },
        {
          "ancestorTitles": ["getClient()", "proxy interface"],
          "fullName": "getClient() proxy interface proxy call handler receives correct arguments",
          "status": "failed",
          "title": "proxy call handler receives correct arguments",
          "duration": 0.4296999999996842,
          "failureMessages": [
            "Error: done() callback is deprecated, use promise instead\n    at context (file:///C:/Users/bjvan/node/nrpc/node_modules/@vitest/runner/dist/index.js:1272:9)\n    at C:/Users/bjvan/node/nrpc/tests/client.test.ts:355:7\n    at file:///C:/Users/bjvan/node/nrpc/node_modules/@vitest/runner/dist/index.js:145:11\n    at file:///C:/Users/bjvan/node/nrpc/node_modules/@vitest/runner/dist/index.js:915:26\n    at file:///C:/Users/bjvan/node/nrpc/node_modules/@vitest/runner/dist/index.js:1243:20\n    at new Promise (<anonymous>)\n    at runWithTimeout (file:///C:/Users/bjvan/node/nrpc/node_modules/@vitest/runner/dist/index.js:1209:10)\n    at file:///C:/Users/bjvan/node/nrpc/node_modules/@vitest/runner/dist/index.js:1653:37\n    at Traces.$ (file:///C:/Users/bjvan/node/nrpc/node_modules/vitest/dist/chunks/traces.CCmnQaNT.js:142:27)\n    at trace (file:///C:/Users/bjvan/node/nrpc/node_modules/vitest/dist/chunks/test.B8ej_ZHS.js:239:21)"
          ],
          "meta": {}
        },
        {
          "ancestorTitles": ["getClient()", "subscription cancellation"],
          "fullName": "getClient() subscription cancellation sends subscription.end when generator.return() is called",
          "status": "passed",
          "title": "sends subscription.end when generator.return() is called",
          "duration": 0.24979999999959546,
          "failureMessages": [],
          "meta": {}
        },
        {
          "ancestorTitles": ["getClient()", "subscription cancellation"],
          "fullName": "getClient() subscription cancellation sends subscription.error when generator.throw() is called",
          "status": "passed",
          "title": "sends subscription.error when generator.throw() is called",
          "duration": 0.19400000000041473,
          "failureMessages": [],
          "meta": {}
        }
      ],
      "startTime": 1770077913726,
      "endTime": 1770077918751.194,
      "status": "failed",
      "message": "",
      "name": "C:/Users/bjvan/node/nrpc/tests/client.test.ts"
    },
    {
      "assertionResults": [
        {
          "ancestorTitles": ["Integration: Client ↔ Server", "Query execution"],
          "fullName": "Integration: Client ↔ Server Query execution executes simple query",
          "status": "failed",
          "title": "executes simple query",
          "duration": 5020.8737,
          "failureMessages": [
            "Error: STACK_TRACE_ERROR\n    at task (file:///C:/Users/bjvan/node/nrpc/node_modules/@vitest/runner/dist/index.js:796:27)\n    at Object.<anonymous> (file:///C:/Users/bjvan/node/nrpc/node_modules/@vitest/runner/dist/index.js:823:16)\n    at Object.<anonymous> (file:///C:/Users/bjvan/node/nrpc/node_modules/@vitest/runner/dist/index.js:615:28)\n    at chain (file:///C:/Users/bjvan/node/nrpc/node_modules/@vitest/runner/dist/chunk-tasks.js:9:14)\n    at C:/Users/bjvan/node/nrpc/tests/integration.test.ts:11:5\n    at file:///C:/Users/bjvan/node/nrpc/node_modules/@vitest/runner/dist/index.js:901:40\n    at runWithSuite (file:///C:/Users/bjvan/node/nrpc/node_modules/@vitest/runner/dist/index.js:1195:8)\n    at Object.collect (file:///C:/Users/bjvan/node/nrpc/node_modules/@vitest/runner/dist/index.js:901:10)\n    at Object.collect (file:///C:/Users/bjvan/node/nrpc/node_modules/@vitest/runner/dist/index.js:905:54)\n    at processTicksAndRejections (node:internal/process/task_queues:105:5)\n    at Object.collect (file:///C:/Users/bjvan/node/nrpc/node_modules/@vitest/runner/dist/index.js:905:46)\n    at file:///C:/Users/bjvan/node/nrpc/node_modules/@vitest/runner/dist/index.js:1390:26\n    at collectTests (file:///C:/Users/bjvan/node/nrpc/node_modules/@vitest/runner/dist/index.js:1365:3)\n    at startTests (file:///C:/Users/bjvan/node/nrpc/node_modules/@vitest/runner/dist/index.js:1937:17)\n    at file:///C:/Users/bjvan/node/nrpc/node_modules/vitest/dist/chunks/base.CJ0Y4ePK.js:86:26"
          ],
          "meta": {}
        },
        {
          "ancestorTitles": ["Integration: Client ↔ Server", "Query execution"],
          "fullName": "Integration: Client ↔ Server Query execution executes query with input parameter",
          "status": "failed",
          "title": "executes query with input parameter",
          "duration": 5007.8418,
          "failureMessages": [
            "Error: STACK_TRACE_ERROR\n    at task (file:///C:/Users/bjvan/node/nrpc/node_modules/@vitest/runner/dist/index.js:796:27)\n    at Object.<anonymous> (file:///C:/Users/bjvan/node/nrpc/node_modules/@vitest/runner/dist/index.js:823:16)\n    at Object.<anonymous> (file:///C:/Users/bjvan/node/nrpc/node_modules/@vitest/runner/dist/index.js:615:28)\n    at chain (file:///C:/Users/bjvan/node/nrpc/node_modules/@vitest/runner/dist/chunk-tasks.js:9:14)\n    at C:/Users/bjvan/node/nrpc/tests/integration.test.ts:19:5\n    at file:///C:/Users/bjvan/node/nrpc/node_modules/@vitest/runner/dist/index.js:901:40\n    at runWithSuite (file:///C:/Users/bjvan/node/nrpc/node_modules/@vitest/runner/dist/index.js:1195:8)\n    at Object.collect (file:///C:/Users/bjvan/node/nrpc/node_modules/@vitest/runner/dist/index.js:901:10)\n    at Object.collect (file:///C:/Users/bjvan/node/nrpc/node_modules/@vitest/runner/dist/index.js:905:54)\n    at processTicksAndRejections (node:internal/process/task_queues:105:5)\n    at Object.collect (file:///C:/Users/bjvan/node/nrpc/node_modules/@vitest/runner/dist/index.js:905:46)\n    at file:///C:/Users/bjvan/node/nrpc/node_modules/@vitest/runner/dist/index.js:1390:26\n    at collectTests (file:///C:/Users/bjvan/node/nrpc/node_modules/@vitest/runner/dist/index.js:1365:3)\n    at startTests (file:///C:/Users/bjvan/node/nrpc/node_modules/@vitest/runner/dist/index.js:1937:17)\n    at file:///C:/Users/bjvan/node/nrpc/node_modules/vitest/dist/chunks/base.CJ0Y4ePK.js:86:26"
          ],
          "meta": {}
        },
        {
          "ancestorTitles": ["Integration: Client ↔ Server", "Query execution"],
          "fullName": "Integration: Client ↔ Server Query execution executes query with validator",
          "status": "failed",
          "title": "executes query with validator",
          "duration": 5010.2343,
          "failureMessages": [
            "Error: STACK_TRACE_ERROR\n    at task (file:///C:/Users/bjvan/node/nrpc/node_modules/@vitest/runner/dist/index.js:796:27)\n    at Object.<anonymous> (file:///C:/Users/bjvan/node/nrpc/node_modules/@vitest/runner/dist/index.js:823:16)\n    at Object.<anonymous> (file:///C:/Users/bjvan/node/nrpc/node_modules/@vitest/runner/dist/index.js:615:28)\n    at chain (file:///C:/Users/bjvan/node/nrpc/node_modules/@vitest/runner/dist/chunk-tasks.js:9:14)\n    at C:/Users/bjvan/node/nrpc/tests/integration.test.ts:27:5\n    at file:///C:/Users/bjvan/node/nrpc/node_modules/@vitest/runner/dist/index.js:901:40\n    at runWithSuite (file:///C:/Users/bjvan/node/nrpc/node_modules/@vitest/runner/dist/index.js:1195:8)\n    at Object.collect (file:///C:/Users/bjvan/node/nrpc/node_modules/@vitest/runner/dist/index.js:901:10)\n    at Object.collect (file:///C:/Users/bjvan/node/nrpc/node_modules/@vitest/runner/dist/index.js:905:54)\n    at processTicksAndRejections (node:internal/process/task_queues:105:5)\n    at Object.collect (file:///C:/Users/bjvan/node/nrpc/node_modules/@vitest/runner/dist/index.js:905:46)\n    at file:///C:/Users/bjvan/node/nrpc/node_modules/@vitest/runner/dist/index.js:1390:26\n    at collectTests (file:///C:/Users/bjvan/node/nrpc/node_modules/@vitest/runner/dist/index.js:1365:3)\n    at startTests (file:///C:/Users/bjvan/node/nrpc/node_modules/@vitest/runner/dist/index.js:1937:17)\n    at file:///C:/Users/bjvan/node/nrpc/node_modules/vitest/dist/chunks/base.CJ0Y4ePK.js:86:26"
          ],
          "meta": {}
        },
        {
          "ancestorTitles": ["Integration: Client ↔ Server", "Query execution"],
          "fullName": "Integration: Client ↔ Server Query execution propagates errors from query method",
          "status": "failed",
          "title": "propagates errors from query method",
          "duration": 5006.649299999999,
          "failureMessages": [
            "Error: STACK_TRACE_ERROR\n    at task (file:///C:/Users/bjvan/node/nrpc/node_modules/@vitest/runner/dist/index.js:796:27)\n    at Object.<anonymous> (file:///C:/Users/bjvan/node/nrpc/node_modules/@vitest/runner/dist/index.js:823:16)\n    at Object.<anonymous> (file:///C:/Users/bjvan/node/nrpc/node_modules/@vitest/runner/dist/index.js:615:28)\n    at chain (file:///C:/Users/bjvan/node/nrpc/node_modules/@vitest/runner/dist/chunk-tasks.js:9:14)\n    at C:/Users/bjvan/node/nrpc/tests/integration.test.ts:35:5\n    at file:///C:/Users/bjvan/node/nrpc/node_modules/@vitest/runner/dist/index.js:901:40\n    at runWithSuite (file:///C:/Users/bjvan/node/nrpc/node_modules/@vitest/runner/dist/index.js:1195:8)\n    at Object.collect (file:///C:/Users/bjvan/node/nrpc/node_modules/@vitest/runner/dist/index.js:901:10)\n    at Object.collect (file:///C:/Users/bjvan/node/nrpc/node_modules/@vitest/runner/dist/index.js:905:54)\n    at processTicksAndRejections (node:internal/process/task_queues:105:5)\n    at Object.collect (file:///C:/Users/bjvan/node/nrpc/node_modules/@vitest/runner/dist/index.js:905:46)\n    at file:///C:/Users/bjvan/node/nrpc/node_modules/@vitest/runner/dist/index.js:1390:26\n    at collectTests (file:///C:/Users/bjvan/node/nrpc/node_modules/@vitest/runner/dist/index.js:1365:3)\n    at startTests (file:///C:/Users/bjvan/node/nrpc/node_modules/@vitest/runner/dist/index.js:1937:17)\n    at file:///C:/Users/bjvan/node/nrpc/node_modules/vitest/dist/chunks/base.CJ0Y4ePK.js:86:26"
          ],
          "meta": {}
        },
        {
          "ancestorTitles": ["Integration: Client ↔ Server", "Query execution"],
          "fullName": "Integration: Client ↔ Server Query execution returns correct context data",
          "status": "failed",
          "title": "returns correct context data",
          "duration": 5012.650600000001,
          "failureMessages": [
            "Error: STACK_TRACE_ERROR\n    at task (file:///C:/Users/bjvan/node/nrpc/node_modules/@vitest/runner/dist/index.js:796:27)\n    at Object.<anonymous> (file:///C:/Users/bjvan/node/nrpc/node_modules/@vitest/runner/dist/index.js:823:16)\n    at Object.<anonymous> (file:///C:/Users/bjvan/node/nrpc/node_modules/@vitest/runner/dist/index.js:615:28)\n    at chain (file:///C:/Users/bjvan/node/nrpc/node_modules/@vitest/runner/dist/chunk-tasks.js:9:14)\n    at C:/Users/bjvan/node/nrpc/tests/integration.test.ts:55:5\n    at file:///C:/Users/bjvan/node/nrpc/node_modules/@vitest/runner/dist/index.js:901:40\n    at runWithSuite (file:///C:/Users/bjvan/node/nrpc/node_modules/@vitest/runner/dist/index.js:1195:8)\n    at Object.collect (file:///C:/Users/bjvan/node/nrpc/node_modules/@vitest/runner/dist/index.js:901:10)\n    at Object.collect (file:///C:/Users/bjvan/node/nrpc/node_modules/@vitest/runner/dist/index.js:905:54)\n    at processTicksAndRejections (node:internal/process/task_queues:105:5)\n    at Object.collect (file:///C:/Users/bjvan/node/nrpc/node_modules/@vitest/runner/dist/index.js:905:46)\n    at file:///C:/Users/bjvan/node/nrpc/node_modules/@vitest/runner/dist/index.js:1390:26\n    at collectTests (file:///C:/Users/bjvan/node/nrpc/node_modules/@vitest/runner/dist/index.js:1365:3)\n    at startTests (file:///C:/Users/bjvan/node/nrpc/node_modules/@vitest/runner/dist/index.js:1937:17)\n    at file:///C:/Users/bjvan/node/nrpc/node_modules/vitest/dist/chunks/base.CJ0Y4ePK.js:86:26"
          ],
          "meta": {}
        },
        {
          "ancestorTitles": [
            "Integration: Client ↔ Server",
            "Subscription execution"
          ],
          "fullName": "Integration: Client ↔ Server Subscription execution executes subscription and receives all data",
          "status": "failed",
          "title": "executes subscription and receives all data",
          "duration": 5014.1757,
          "failureMessages": [
            "Error: STACK_TRACE_ERROR\n    at task (file:///C:/Users/bjvan/node/nrpc/node_modules/@vitest/runner/dist/index.js:796:27)\n    at Object.<anonymous> (file:///C:/Users/bjvan/node/nrpc/node_modules/@vitest/runner/dist/index.js:823:16)\n    at Object.<anonymous> (file:///C:/Users/bjvan/node/nrpc/node_modules/@vitest/runner/dist/index.js:615:28)\n    at chain (file:///C:/Users/bjvan/node/nrpc/node_modules/@vitest/runner/dist/chunk-tasks.js:9:14)\n    at C:/Users/bjvan/node/nrpc/tests/integration.test.ts:68:5\n    at file:///C:/Users/bjvan/node/nrpc/node_modules/@vitest/runner/dist/index.js:901:40\n    at runWithSuite (file:///C:/Users/bjvan/node/nrpc/node_modules/@vitest/runner/dist/index.js:1195:8)\n    at Object.collect (file:///C:/Users/bjvan/node/nrpc/node_modules/@vitest/runner/dist/index.js:901:10)\n    at Object.collect (file:///C:/Users/bjvan/node/nrpc/node_modules/@vitest/runner/dist/index.js:905:54)\n    at processTicksAndRejections (node:internal/process/task_queues:105:5)\n    at Object.collect (file:///C:/Users/bjvan/node/nrpc/node_modules/@vitest/runner/dist/index.js:905:46)\n    at file:///C:/Users/bjvan/node/nrpc/node_modules/@vitest/runner/dist/index.js:1390:26\n    at collectTests (file:///C:/Users/bjvan/node/nrpc/node_modules/@vitest/runner/dist/index.js:1365:3)\n    at startTests (file:///C:/Users/bjvan/node/nrpc/node_modules/@vitest/runner/dist/index.js:1937:17)\n    at file:///C:/Users/bjvan/node/nrpc/node_modules/vitest/dist/chunks/base.CJ0Y4ePK.js:86:26"
          ],
          "meta": {}
        },
        {
          "ancestorTitles": [
            "Integration: Client ↔ Server",
            "Subscription execution"
          ],
          "fullName": "Integration: Client ↔ Server Subscription execution executes subscription with input parameter",
          "status": "failed",
          "title": "executes subscription with input parameter",
          "duration": 5014.517700000004,
          "failureMessages": [
            "Error: STACK_TRACE_ERROR\n    at task (file:///C:/Users/bjvan/node/nrpc/node_modules/@vitest/runner/dist/index.js:796:27)\n    at Object.<anonymous> (file:///C:/Users/bjvan/node/nrpc/node_modules/@vitest/runner/dist/index.js:823:16)\n    at Object.<anonymous> (file:///C:/Users/bjvan/node/nrpc/node_modules/@vitest/runner/dist/index.js:615:28)\n    at chain (file:///C:/Users/bjvan/node/nrpc/node_modules/@vitest/runner/dist/chunk-tasks.js:9:14)\n    at C:/Users/bjvan/node/nrpc/tests/integration.test.ts:84:5\n    at file:///C:/Users/bjvan/node/nrpc/node_modules/@vitest/runner/dist/index.js:901:40\n    at runWithSuite (file:///C:/Users/bjvan/node/nrpc/node_modules/@vitest/runner/dist/index.js:1195:8)\n    at Object.collect (file:///C:/Users/bjvan/node/nrpc/node_modules/@vitest/runner/dist/index.js:901:10)\n    at Object.collect (file:///C:/Users/bjvan/node/nrpc/node_modules/@vitest/runner/dist/index.js:905:54)\n    at processTicksAndRejections (node:internal/process/task_queues:105:5)\n    at Object.collect (file:///C:/Users/bjvan/node/nrpc/node_modules/@vitest/runner/dist/index.js:905:46)\n    at file:///C:/Users/bjvan/node/nrpc/node_modules/@vitest/runner/dist/index.js:1390:26\n    at collectTests (file:///C:/Users/bjvan/node/nrpc/node_modules/@vitest/runner/dist/index.js:1365:3)\n    at startTests (file:///C:/Users/bjvan/node/nrpc/node_modules/@vitest/runner/dist/index.js:1937:17)\n    at file:///C:/Users/bjvan/node/nrpc/node_modules/vitest/dist/chunks/base.CJ0Y4ePK.js:86:26"
          ],
          "meta": {}
        },
        {
          "ancestorTitles": [
            "Integration: Client ↔ Server",
            "Subscription execution"
          ],
          "fullName": "Integration: Client ↔ Server Subscription execution handles async iteration over subscription",
          "status": "failed",
          "title": "handles async iteration over subscription",
          "duration": 5011.821300000003,
          "failureMessages": [
            "Error: STACK_TRACE_ERROR\n    at task (file:///C:/Users/bjvan/node/nrpc/node_modules/@vitest/runner/dist/index.js:796:27)\n    at Object.<anonymous> (file:///C:/Users/bjvan/node/nrpc/node_modules/@vitest/runner/dist/index.js:823:16)\n    at Object.<anonymous> (file:///C:/Users/bjvan/node/nrpc/node_modules/@vitest/runner/dist/index.js:615:28)\n    at chain (file:///C:/Users/bjvan/node/nrpc/node_modules/@vitest/runner/dist/chunk-tasks.js:9:14)\n    at C:/Users/bjvan/node/nrpc/tests/integration.test.ts:97:5\n    at file:///C:/Users/bjvan/node/nrpc/node_modules/@vitest/runner/dist/index.js:901:40\n    at runWithSuite (file:///C:/Users/bjvan/node/nrpc/node_modules/@vitest/runner/dist/index.js:1195:8)\n    at Object.collect (file:///C:/Users/bjvan/node/nrpc/node_modules/@vitest/runner/dist/index.js:901:10)\n    at Object.collect (file:///C:/Users/bjvan/node/nrpc/node_modules/@vitest/runner/dist/index.js:905:54)\n    at processTicksAndRejections (node:internal/process/task_queues:105:5)\n    at Object.collect (file:///C:/Users/bjvan/node/nrpc/node_modules/@vitest/runner/dist/index.js:905:46)\n    at file:///C:/Users/bjvan/node/nrpc/node_modules/@vitest/runner/dist/index.js:1390:26\n    at collectTests (file:///C:/Users/bjvan/node/nrpc/node_modules/@vitest/runner/dist/index.js:1365:3)\n    at startTests (file:///C:/Users/bjvan/node/nrpc/node_modules/@vitest/runner/dist/index.js:1937:17)\n    at file:///C:/Users/bjvan/node/nrpc/node_modules/vitest/dist/chunks/base.CJ0Y4ePK.js:86:26"
          ],
          "meta": {}
        },
        {
          "ancestorTitles": [
            "Integration: Client ↔ Server",
            "Subscription execution"
          ],
          "fullName": "Integration: Client ↔ Server Subscription execution handles subscription cancellation",
          "status": "failed",
          "title": "handles subscription cancellation",
          "duration": 5003.368199999997,
          "failureMessages": [
            "Error: STACK_TRACE_ERROR\n    at task (file:///C:/Users/bjvan/node/nrpc/node_modules/@vitest/runner/dist/index.js:796:27)\n    at Object.<anonymous> (file:///C:/Users/bjvan/node/nrpc/node_modules/@vitest/runner/dist/index.js:823:16)\n    at Object.<anonymous> (file:///C:/Users/bjvan/node/nrpc/node_modules/@vitest/runner/dist/index.js:615:28)\n    at chain (file:///C:/Users/bjvan/node/nrpc/node_modules/@vitest/runner/dist/chunk-tasks.js:9:14)\n    at C:/Users/bjvan/node/nrpc/tests/integration.test.ts:117:5\n    at file:///C:/Users/bjvan/node/nrpc/node_modules/@vitest/runner/dist/index.js:901:40\n    at runWithSuite (file:///C:/Users/bjvan/node/nrpc/node_modules/@vitest/runner/dist/index.js:1195:8)\n    at Object.collect (file:///C:/Users/bjvan/node/nrpc/node_modules/@vitest/runner/dist/index.js:901:10)\n    at Object.collect (file:///C:/Users/bjvan/node/nrpc/node_modules/@vitest/runner/dist/index.js:905:54)\n    at processTicksAndRejections (node:internal/process/task_queues:105:5)\n    at Object.collect (file:///C:/Users/bjvan/node/nrpc/node_modules/@vitest/runner/dist/index.js:905:46)\n    at file:///C:/Users/bjvan/node/nrpc/node_modules/@vitest/runner/dist/index.js:1390:26\n    at collectTests (file:///C:/Users/bjvan/node/nrpc/node_modules/@vitest/runner/dist/index.js:1365:3)\n    at startTests (file:///C:/Users/bjvan/node/nrpc/node_modules/@vitest/runner/dist/index.js:1937:17)\n    at file:///C:/Users/bjvan/node/nrpc/node_modules/vitest/dist/chunks/base.CJ0Y4ePK.js:86:26"
          ],
          "meta": {}
        },
        {
          "ancestorTitles": [
            "Integration: Client ↔ Server",
            "Nested router routing"
          ],
          "fullName": "Integration: Client ↔ Server Nested router routing routes through one level of nesting",
          "status": "failed",
          "title": "routes through one level of nesting",
          "duration": 5008.1947999999975,
          "failureMessages": [
            "Error: STACK_TRACE_ERROR\n    at task (file:///C:/Users/bjvan/node/nrpc/node_modules/@vitest/runner/dist/index.js:796:27)\n    at Object.<anonymous> (file:///C:/Users/bjvan/node/nrpc/node_modules/@vitest/runner/dist/index.js:823:16)\n    at Object.<anonymous> (file:///C:/Users/bjvan/node/nrpc/node_modules/@vitest/runner/dist/index.js:615:28)\n    at chain (file:///C:/Users/bjvan/node/nrpc/node_modules/@vitest/runner/dist/chunk-tasks.js:9:14)\n    at C:/Users/bjvan/node/nrpc/tests/integration.test.ts:134:5\n    at file:///C:/Users/bjvan/node/nrpc/node_modules/@vitest/runner/dist/index.js:901:40\n    at runWithSuite (file:///C:/Users/bjvan/node/nrpc/node_modules/@vitest/runner/dist/index.js:1195:8)\n    at Object.collect (file:///C:/Users/bjvan/node/nrpc/node_modules/@vitest/runner/dist/index.js:901:10)\n    at Object.collect (file:///C:/Users/bjvan/node/nrpc/node_modules/@vitest/runner/dist/index.js:905:54)\n    at processTicksAndRejections (node:internal/process/task_queues:105:5)\n    at Object.collect (file:///C:/Users/bjvan/node/nrpc/node_modules/@vitest/runner/dist/index.js:905:46)\n    at file:///C:/Users/bjvan/node/nrpc/node_modules/@vitest/runner/dist/index.js:1390:26\n    at collectTests (file:///C:/Users/bjvan/node/nrpc/node_modules/@vitest/runner/dist/index.js:1365:3)\n    at startTests (file:///C:/Users/bjvan/node/nrpc/node_modules/@vitest/runner/dist/index.js:1937:17)\n    at file:///C:/Users/bjvan/node/nrpc/node_modules/vitest/dist/chunks/base.CJ0Y4ePK.js:86:26"
          ],
          "meta": {}
        },
        {
          "ancestorTitles": [
            "Integration: Client ↔ Server",
            "Nested router routing"
          ],
          "fullName": "Integration: Client ↔ Server Nested router routing applies middleware at each nesting level",
          "status": "failed",
          "title": "applies middleware at each nesting level",
          "duration": 5008.169000000002,
          "failureMessages": [
            "Error: STACK_TRACE_ERROR\n    at task (file:///C:/Users/bjvan/node/nrpc/node_modules/@vitest/runner/dist/index.js:796:27)\n    at Object.<anonymous> (file:///C:/Users/bjvan/node/nrpc/node_modules/@vitest/runner/dist/index.js:823:16)\n    at Object.<anonymous> (file:///C:/Users/bjvan/node/nrpc/node_modules/@vitest/runner/dist/index.js:615:28)\n    at chain (file:///C:/Users/bjvan/node/nrpc/node_modules/@vitest/runner/dist/chunk-tasks.js:9:14)\n    at C:/Users/bjvan/node/nrpc/tests/integration.test.ts:145:5\n    at file:///C:/Users/bjvan/node/nrpc/node_modules/@vitest/runner/dist/index.js:901:40\n    at runWithSuite (file:///C:/Users/bjvan/node/nrpc/node_modules/@vitest/runner/dist/index.js:1195:8)\n    at Object.collect (file:///C:/Users/bjvan/node/nrpc/node_modules/@vitest/runner/dist/index.js:901:10)\n    at Object.collect (file:///C:/Users/bjvan/node/nrpc/node_modules/@vitest/runner/dist/index.js:905:54)\n    at processTicksAndRejections (node:internal/process/task_queues:105:5)\n    at Object.collect (file:///C:/Users/bjvan/node/nrpc/node_modules/@vitest/runner/dist/index.js:905:46)\n    at file:///C:/Users/bjvan/node/nrpc/node_modules/@vitest/runner/dist/index.js:1390:26\n    at collectTests (file:///C:/Users/bjvan/node/nrpc/node_modules/@vitest/runner/dist/index.js:1365:3)\n    at startTests (file:///C:/Users/bjvan/node/nrpc/node_modules/@vitest/runner/dist/index.js:1937:17)\n    at file:///C:/Users/bjvan/node/nrpc/node_modules/vitest/dist/chunks/base.CJ0Y4ePK.js:86:26"
          ],
          "meta": {}
        },
        {
          "ancestorTitles": [
            "Integration: Client ↔ Server",
            "Nested router routing"
          ],
          "fullName": "Integration: Client ↔ Server Nested router routing routes through two levels of nesting",
          "status": "failed",
          "title": "routes through two levels of nesting",
          "duration": 5001.660800000005,
          "failureMessages": [
            "Error: STACK_TRACE_ERROR\n    at task (file:///C:/Users/bjvan/node/nrpc/node_modules/@vitest/runner/dist/index.js:796:27)\n    at Object.<anonymous> (file:///C:/Users/bjvan/node/nrpc/node_modules/@vitest/runner/dist/index.js:823:16)\n    at Object.<anonymous> (file:///C:/Users/bjvan/node/nrpc/node_modules/@vitest/runner/dist/index.js:615:28)\n    at chain (file:///C:/Users/bjvan/node/nrpc/node_modules/@vitest/runner/dist/chunk-tasks.js:9:14)\n    at C:/Users/bjvan/node/nrpc/tests/integration.test.ts:154:5\n    at file:///C:/Users/bjvan/node/nrpc/node_modules/@vitest/runner/dist/index.js:901:40\n    at runWithSuite (file:///C:/Users/bjvan/node/nrpc/node_modules/@vitest/runner/dist/index.js:1195:8)\n    at Object.collect (file:///C:/Users/bjvan/node/nrpc/node_modules/@vitest/runner/dist/index.js:901:10)\n    at Object.collect (file:///C:/Users/bjvan/node/nrpc/node_modules/@vitest/runner/dist/index.js:905:54)\n    at processTicksAndRejections (node:internal/process/task_queues:105:5)\n    at Object.collect (file:///C:/Users/bjvan/node/nrpc/node_modules/@vitest/runner/dist/index.js:905:46)\n    at file:///C:/Users/bjvan/node/nrpc/node_modules/@vitest/runner/dist/index.js:1390:26\n    at collectTests (file:///C:/Users/bjvan/node/nrpc/node_modules/@vitest/runner/dist/index.js:1365:3)\n    at startTests (file:///C:/Users/bjvan/node/nrpc/node_modules/@vitest/runner/dist/index.js:1937:17)\n    at file:///C:/Users/bjvan/node/nrpc/node_modules/vitest/dist/chunks/base.CJ0Y4ePK.js:86:26"
          ],
          "meta": {}
        },
        {
          "ancestorTitles": [
            "Integration: Client ↔ Server",
            "Nested router routing"
          ],
          "fullName": "Integration: Client ↔ Server Nested router routing executes subscription in nested router",
          "status": "failed",
          "title": "executes subscription in nested router",
          "duration": 5005.9833,
          "failureMessages": [
            "Error: STACK_TRACE_ERROR\n    at task (file:///C:/Users/bjvan/node/nrpc/node_modules/@vitest/runner/dist/index.js:796:27)\n    at Object.<anonymous> (file:///C:/Users/bjvan/node/nrpc/node_modules/@vitest/runner/dist/index.js:823:16)\n    at Object.<anonymous> (file:///C:/Users/bjvan/node/nrpc/node_modules/@vitest/runner/dist/index.js:615:28)\n    at chain (file:///C:/Users/bjvan/node/nrpc/node_modules/@vitest/runner/dist/chunk-tasks.js:9:14)\n    at C:/Users/bjvan/node/nrpc/tests/integration.test.ts:163:5\n    at file:///C:/Users/bjvan/node/nrpc/node_modules/@vitest/runner/dist/index.js:901:40\n    at runWithSuite (file:///C:/Users/bjvan/node/nrpc/node_modules/@vitest/runner/dist/index.js:1195:8)\n    at Object.collect (file:///C:/Users/bjvan/node/nrpc/node_modules/@vitest/runner/dist/index.js:901:10)\n    at Object.collect (file:///C:/Users/bjvan/node/nrpc/node_modules/@vitest/runner/dist/index.js:905:54)\n    at processTicksAndRejections (node:internal/process/task_queues:105:5)\n    at Object.collect (file:///C:/Users/bjvan/node/nrpc/node_modules/@vitest/runner/dist/index.js:905:46)\n    at file:///C:/Users/bjvan/node/nrpc/node_modules/@vitest/runner/dist/index.js:1390:26\n    at collectTests (file:///C:/Users/bjvan/node/nrpc/node_modules/@vitest/runner/dist/index.js:1365:3)\n    at startTests (file:///C:/Users/bjvan/node/nrpc/node_modules/@vitest/runner/dist/index.js:1937:17)\n    at file:///C:/Users/bjvan/node/nrpc/node_modules/vitest/dist/chunks/base.CJ0Y4ePK.js:86:26"
          ],
          "meta": {}
        },
        {
          "ancestorTitles": [
            "Integration: Client ↔ Server",
            "Nested router routing"
          ],
          "fullName": "Integration: Client ↔ Server Nested router routing executes subscription in deeply nested router",
          "status": "failed",
          "title": "executes subscription in deeply nested router",
          "duration": 5003.448699999994,
          "failureMessages": [
            "Error: STACK_TRACE_ERROR\n    at task (file:///C:/Users/bjvan/node/nrpc/node_modules/@vitest/runner/dist/index.js:796:27)\n    at Object.<anonymous> (file:///C:/Users/bjvan/node/nrpc/node_modules/@vitest/runner/dist/index.js:823:16)\n    at Object.<anonymous> (file:///C:/Users/bjvan/node/nrpc/node_modules/@vitest/runner/dist/index.js:615:28)\n    at chain (file:///C:/Users/bjvan/node/nrpc/node_modules/@vitest/runner/dist/chunk-tasks.js:9:14)\n    at C:/Users/bjvan/node/nrpc/tests/integration.test.ts:178:5\n    at file:///C:/Users/bjvan/node/nrpc/node_modules/@vitest/runner/dist/index.js:901:40\n    at runWithSuite (file:///C:/Users/bjvan/node/nrpc/node_modules/@vitest/runner/dist/index.js:1195:8)\n    at Object.collect (file:///C:/Users/bjvan/node/nrpc/node_modules/@vitest/runner/dist/index.js:901:10)\n    at Object.collect (file:///C:/Users/bjvan/node/nrpc/node_modules/@vitest/runner/dist/index.js:905:54)\n    at processTicksAndRejections (node:internal/process/task_queues:105:5)\n    at Object.collect (file:///C:/Users/bjvan/node/nrpc/node_modules/@vitest/runner/dist/index.js:905:46)\n    at file:///C:/Users/bjvan/node/nrpc/node_modules/@vitest/runner/dist/index.js:1390:26\n    at collectTests (file:///C:/Users/bjvan/node/nrpc/node_modules/@vitest/runner/dist/index.js:1365:3)\n    at startTests (file:///C:/Users/bjvan/node/nrpc/node_modules/@vitest/runner/dist/index.js:1937:17)\n    at file:///C:/Users/bjvan/node/nrpc/node_modules/vitest/dist/chunks/base.CJ0Y4ePK.js:86:26"
          ],
          "meta": {}
        },
        {
          "ancestorTitles": ["Integration: Client ↔ Server", "Error handling"],
          "fullName": "Integration: Client ↔ Server Error handling handles invalid route path",
          "status": "failed",
          "title": "handles invalid route path",
          "duration": 5006.326400000005,
          "failureMessages": [
            "Error: STACK_TRACE_ERROR\n    at task (file:///C:/Users/bjvan/node/nrpc/node_modules/@vitest/runner/dist/index.js:796:27)\n    at Object.<anonymous> (file:///C:/Users/bjvan/node/nrpc/node_modules/@vitest/runner/dist/index.js:823:16)\n    at Object.<anonymous> (file:///C:/Users/bjvan/node/nrpc/node_modules/@vitest/runner/dist/index.js:615:28)\n    at chain (file:///C:/Users/bjvan/node/nrpc/node_modules/@vitest/runner/dist/chunk-tasks.js:9:14)\n    at C:/Users/bjvan/node/nrpc/tests/integration.test.ts:195:5\n    at file:///C:/Users/bjvan/node/nrpc/node_modules/@vitest/runner/dist/index.js:901:40\n    at runWithSuite (file:///C:/Users/bjvan/node/nrpc/node_modules/@vitest/runner/dist/index.js:1195:8)\n    at Object.collect (file:///C:/Users/bjvan/node/nrpc/node_modules/@vitest/runner/dist/index.js:901:10)\n    at Object.collect (file:///C:/Users/bjvan/node/nrpc/node_modules/@vitest/runner/dist/index.js:905:54)\n    at processTicksAndRejections (node:internal/process/task_queues:105:5)\n    at Object.collect (file:///C:/Users/bjvan/node/nrpc/node_modules/@vitest/runner/dist/index.js:905:46)\n    at file:///C:/Users/bjvan/node/nrpc/node_modules/@vitest/runner/dist/index.js:1390:26\n    at collectTests (file:///C:/Users/bjvan/node/nrpc/node_modules/@vitest/runner/dist/index.js:1365:3)\n    at startTests (file:///C:/Users/bjvan/node/nrpc/node_modules/@vitest/runner/dist/index.js:1937:17)\n    at file:///C:/Users/bjvan/node/nrpc/node_modules/vitest/dist/chunks/base.CJ0Y4ePK.js:86:26"
          ],
          "meta": {}
        },
        {
          "ancestorTitles": ["Integration: Client ↔ Server", "Error handling"],
          "fullName": "Integration: Client ↔ Server Error handling handles invalid nested route path",
          "status": "failed",
          "title": "handles invalid nested route path",
          "duration": 5008.646999999997,
          "failureMessages": [
            "Error: STACK_TRACE_ERROR\n    at task (file:///C:/Users/bjvan/node/nrpc/node_modules/@vitest/runner/dist/index.js:796:27)\n    at Object.<anonymous> (file:///C:/Users/bjvan/node/nrpc/node_modules/@vitest/runner/dist/index.js:823:16)\n    at Object.<anonymous> (file:///C:/Users/bjvan/node/nrpc/node_modules/@vitest/runner/dist/index.js:615:28)\n    at chain (file:///C:/Users/bjvan/node/nrpc/node_modules/@vitest/runner/dist/chunk-tasks.js:9:14)\n    at C:/Users/bjvan/node/nrpc/tests/integration.test.ts:206:5\n    at file:///C:/Users/bjvan/node/nrpc/node_modules/@vitest/runner/dist/index.js:901:40\n    at runWithSuite (file:///C:/Users/bjvan/node/nrpc/node_modules/@vitest/runner/dist/index.js:1195:8)\n    at Object.collect (file:///C:/Users/bjvan/node/nrpc/node_modules/@vitest/runner/dist/index.js:901:10)\n    at Object.collect (file:///C:/Users/bjvan/node/nrpc/node_modules/@vitest/runner/dist/index.js:905:54)\n    at processTicksAndRejections (node:internal/process/task_queues:105:5)\n    at Object.collect (file:///C:/Users/bjvan/node/nrpc/node_modules/@vitest/runner/dist/index.js:905:46)\n    at file:///C:/Users/bjvan/node/nrpc/node_modules/@vitest/runner/dist/index.js:1390:26\n    at collectTests (file:///C:/Users/bjvan/node/nrpc/node_modules/@vitest/runner/dist/index.js:1365:3)\n    at startTests (file:///C:/Users/bjvan/node/nrpc/node_modules/@vitest/runner/dist/index.js:1937:17)\n    at file:///C:/Users/bjvan/node/nrpc/node_modules/vitest/dist/chunks/base.CJ0Y4ePK.js:86:26"
          ],
          "meta": {}
        },
        {
          "ancestorTitles": ["Integration: Client ↔ Server", "Error handling"],
          "fullName": "Integration: Client ↔ Server Error handling handles validator errors",
          "status": "failed",
          "title": "handles validator errors",
          "duration": 5004.639200000005,
          "failureMessages": [
            "Error: STACK_TRACE_ERROR\n    at task (file:///C:/Users/bjvan/node/nrpc/node_modules/@vitest/runner/dist/index.js:796:27)\n    at Object.<anonymous> (file:///C:/Users/bjvan/node/nrpc/node_modules/@vitest/runner/dist/index.js:823:16)\n    at Object.<anonymous> (file:///C:/Users/bjvan/node/nrpc/node_modules/@vitest/runner/dist/index.js:615:28)\n    at chain (file:///C:/Users/bjvan/node/nrpc/node_modules/@vitest/runner/dist/chunk-tasks.js:9:14)\n    at C:/Users/bjvan/node/nrpc/tests/integration.test.ts:217:5\n    at file:///C:/Users/bjvan/node/nrpc/node_modules/@vitest/runner/dist/index.js:901:40\n    at runWithSuite (file:///C:/Users/bjvan/node/nrpc/node_modules/@vitest/runner/dist/index.js:1195:8)\n    at Object.collect (file:///C:/Users/bjvan/node/nrpc/node_modules/@vitest/runner/dist/index.js:901:10)\n    at Object.collect (file:///C:/Users/bjvan/node/nrpc/node_modules/@vitest/runner/dist/index.js:905:54)\n    at processTicksAndRejections (node:internal/process/task_queues:105:5)\n    at Object.collect (file:///C:/Users/bjvan/node/nrpc/node_modules/@vitest/runner/dist/index.js:905:46)\n    at file:///C:/Users/bjvan/node/nrpc/node_modules/@vitest/runner/dist/index.js:1390:26\n    at collectTests (file:///C:/Users/bjvan/node/nrpc/node_modules/@vitest/runner/dist/index.js:1365:3)\n    at startTests (file:///C:/Users/bjvan/node/nrpc/node_modules/@vitest/runner/dist/index.js:1937:17)\n    at file:///C:/Users/bjvan/node/nrpc/node_modules/vitest/dist/chunks/base.CJ0Y4ePK.js:86:26"
          ],
          "meta": {}
        },
        {
          "ancestorTitles": [
            "Integration: Client ↔ Server",
            "Multiple concurrent requests"
          ],
          "fullName": "Integration: Client ↔ Server Multiple concurrent requests handles multiple queries in parallel",
          "status": "failed",
          "title": "handles multiple queries in parallel",
          "duration": 5013.127200000003,
          "failureMessages": [
            "Error: STACK_TRACE_ERROR\n    at task (file:///C:/Users/bjvan/node/nrpc/node_modules/@vitest/runner/dist/index.js:796:27)\n    at Object.<anonymous> (file:///C:/Users/bjvan/node/nrpc/node_modules/@vitest/runner/dist/index.js:823:16)\n    at Object.<anonymous> (file:///C:/Users/bjvan/node/nrpc/node_modules/@vitest/runner/dist/index.js:615:28)\n    at chain (file:///C:/Users/bjvan/node/nrpc/node_modules/@vitest/runner/dist/chunk-tasks.js:9:14)\n    at C:/Users/bjvan/node/nrpc/tests/integration.test.ts:243:5\n    at file:///C:/Users/bjvan/node/nrpc/node_modules/@vitest/runner/dist/index.js:901:40\n    at runWithSuite (file:///C:/Users/bjvan/node/nrpc/node_modules/@vitest/runner/dist/index.js:1195:8)\n    at Object.collect (file:///C:/Users/bjvan/node/nrpc/node_modules/@vitest/runner/dist/index.js:901:10)\n    at Object.collect (file:///C:/Users/bjvan/node/nrpc/node_modules/@vitest/runner/dist/index.js:905:54)\n    at processTicksAndRejections (node:internal/process/task_queues:105:5)\n    at Object.collect (file:///C:/Users/bjvan/node/nrpc/node_modules/@vitest/runner/dist/index.js:905:46)\n    at file:///C:/Users/bjvan/node/nrpc/node_modules/@vitest/runner/dist/index.js:1390:26\n    at collectTests (file:///C:/Users/bjvan/node/nrpc/node_modules/@vitest/runner/dist/index.js:1365:3)\n    at startTests (file:///C:/Users/bjvan/node/nrpc/node_modules/@vitest/runner/dist/index.js:1937:17)\n    at file:///C:/Users/bjvan/node/nrpc/node_modules/vitest/dist/chunks/base.CJ0Y4ePK.js:86:26"
          ],
          "meta": {}
        },
        {
          "ancestorTitles": [
            "Integration: Client ↔ Server",
            "Multiple concurrent requests"
          ],
          "fullName": "Integration: Client ↔ Server Multiple concurrent requests handles multiple subscriptions in parallel",
          "status": "failed",
          "title": "handles multiple subscriptions in parallel",
          "duration": 5005.681299999997,
          "failureMessages": [
            "Error: STACK_TRACE_ERROR\n    at task (file:///C:/Users/bjvan/node/nrpc/node_modules/@vitest/runner/dist/index.js:796:27)\n    at Object.<anonymous> (file:///C:/Users/bjvan/node/nrpc/node_modules/@vitest/runner/dist/index.js:823:16)\n    at Object.<anonymous> (file:///C:/Users/bjvan/node/nrpc/node_modules/@vitest/runner/dist/index.js:615:28)\n    at chain (file:///C:/Users/bjvan/node/nrpc/node_modules/@vitest/runner/dist/chunk-tasks.js:9:14)\n    at C:/Users/bjvan/node/nrpc/tests/integration.test.ts:257:5\n    at file:///C:/Users/bjvan/node/nrpc/node_modules/@vitest/runner/dist/index.js:901:40\n    at runWithSuite (file:///C:/Users/bjvan/node/nrpc/node_modules/@vitest/runner/dist/index.js:1195:8)\n    at Object.collect (file:///C:/Users/bjvan/node/nrpc/node_modules/@vitest/runner/dist/index.js:901:10)\n    at Object.collect (file:///C:/Users/bjvan/node/nrpc/node_modules/@vitest/runner/dist/index.js:905:54)\n    at processTicksAndRejections (node:internal/process/task_queues:105:5)\n    at Object.collect (file:///C:/Users/bjvan/node/nrpc/node_modules/@vitest/runner/dist/index.js:905:46)\n    at file:///C:/Users/bjvan/node/nrpc/node_modules/@vitest/runner/dist/index.js:1390:26\n    at collectTests (file:///C:/Users/bjvan/node/nrpc/node_modules/@vitest/runner/dist/index.js:1365:3)\n    at startTests (file:///C:/Users/bjvan/node/nrpc/node_modules/@vitest/runner/dist/index.js:1937:17)\n    at file:///C:/Users/bjvan/node/nrpc/node_modules/vitest/dist/chunks/base.CJ0Y4ePK.js:86:26"
          ],
          "meta": {}
        },
        {
          "ancestorTitles": [
            "Integration: Client ↔ Server",
            "Multiple concurrent requests"
          ],
          "fullName": "Integration: Client ↔ Server Multiple concurrent requests handles mixed queries and subscriptions",
          "status": "failed",
          "title": "handles mixed queries and subscriptions",
          "duration": 5012.969300000012,
          "failureMessages": [
            "Error: STACK_TRACE_ERROR\n    at task (file:///C:/Users/bjvan/node/nrpc/node_modules/@vitest/runner/dist/index.js:796:27)\n    at Object.<anonymous> (file:///C:/Users/bjvan/node/nrpc/node_modules/@vitest/runner/dist/index.js:823:16)\n    at Object.<anonymous> (file:///C:/Users/bjvan/node/nrpc/node_modules/@vitest/runner/dist/index.js:615:28)\n    at chain (file:///C:/Users/bjvan/node/nrpc/node_modules/@vitest/runner/dist/chunk-tasks.js:9:14)\n    at C:/Users/bjvan/node/nrpc/tests/integration.test.ts:278:5\n    at file:///C:/Users/bjvan/node/nrpc/node_modules/@vitest/runner/dist/index.js:901:40\n    at runWithSuite (file:///C:/Users/bjvan/node/nrpc/node_modules/@vitest/runner/dist/index.js:1195:8)\n    at Object.collect (file:///C:/Users/bjvan/node/nrpc/node_modules/@vitest/runner/dist/index.js:901:10)\n    at Object.collect (file:///C:/Users/bjvan/node/nrpc/node_modules/@vitest/runner/dist/index.js:905:54)\n    at processTicksAndRejections (node:internal/process/task_queues:105:5)\n    at Object.collect (file:///C:/Users/bjvan/node/nrpc/node_modules/@vitest/runner/dist/index.js:905:46)\n    at file:///C:/Users/bjvan/node/nrpc/node_modules/@vitest/runner/dist/index.js:1390:26\n    at collectTests (file:///C:/Users/bjvan/node/nrpc/node_modules/@vitest/runner/dist/index.js:1365:3)\n    at startTests (file:///C:/Users/bjvan/node/nrpc/node_modules/@vitest/runner/dist/index.js:1937:17)\n    at file:///C:/Users/bjvan/node/nrpc/node_modules/vitest/dist/chunks/base.CJ0Y4ePK.js:86:26"
          ],
          "meta": {}
        },
        {
          "ancestorTitles": [
            "Integration: Client ↔ Server",
            "Context propagation"
          ],
          "fullName": "Integration: Client ↔ Server Context propagation passes context through middleware",
          "status": "failed",
          "title": "passes context through middleware",
          "duration": 5013.43220000001,
          "failureMessages": [
            "Error: STACK_TRACE_ERROR\n    at task (file:///C:/Users/bjvan/node/nrpc/node_modules/@vitest/runner/dist/index.js:796:27)\n    at Object.<anonymous> (file:///C:/Users/bjvan/node/nrpc/node_modules/@vitest/runner/dist/index.js:823:16)\n    at Object.<anonymous> (file:///C:/Users/bjvan/node/nrpc/node_modules/@vitest/runner/dist/index.js:615:28)\n    at chain (file:///C:/Users/bjvan/node/nrpc/node_modules/@vitest/runner/dist/chunk-tasks.js:9:14)\n    at C:/Users/bjvan/node/nrpc/tests/integration.test.ts:301:5\n    at file:///C:/Users/bjvan/node/nrpc/node_modules/@vitest/runner/dist/index.js:901:40\n    at runWithSuite (file:///C:/Users/bjvan/node/nrpc/node_modules/@vitest/runner/dist/index.js:1195:8)\n    at Object.collect (file:///C:/Users/bjvan/node/nrpc/node_modules/@vitest/runner/dist/index.js:901:10)\n    at Object.collect (file:///C:/Users/bjvan/node/nrpc/node_modules/@vitest/runner/dist/index.js:905:54)\n    at processTicksAndRejections (node:internal/process/task_queues:105:5)\n    at Object.collect (file:///C:/Users/bjvan/node/nrpc/node_modules/@vitest/runner/dist/index.js:905:46)\n    at file:///C:/Users/bjvan/node/nrpc/node_modules/@vitest/runner/dist/index.js:1390:26\n    at collectTests (file:///C:/Users/bjvan/node/nrpc/node_modules/@vitest/runner/dist/index.js:1365:3)\n    at startTests (file:///C:/Users/bjvan/node/nrpc/node_modules/@vitest/runner/dist/index.js:1937:17)\n    at file:///C:/Users/bjvan/node/nrpc/node_modules/vitest/dist/chunks/base.CJ0Y4ePK.js:86:26"
          ],
          "meta": {}
        },
        {
          "ancestorTitles": [
            "Integration: Client ↔ Server",
            "Context propagation"
          ],
          "fullName": "Integration: Client ↔ Server Context propagation transforms context through middleware chain",
          "status": "failed",
          "title": "transforms context through middleware chain",
          "duration": 5014.306400000001,
          "failureMessages": [
            "Error: STACK_TRACE_ERROR\n    at task (file:///C:/Users/bjvan/node/nrpc/node_modules/@vitest/runner/dist/index.js:796:27)\n    at Object.<anonymous> (file:///C:/Users/bjvan/node/nrpc/node_modules/@vitest/runner/dist/index.js:823:16)\n    at Object.<anonymous> (file:///C:/Users/bjvan/node/nrpc/node_modules/@vitest/runner/dist/index.js:615:28)\n    at chain (file:///C:/Users/bjvan/node/nrpc/node_modules/@vitest/runner/dist/chunk-tasks.js:9:14)\n    at C:/Users/bjvan/node/nrpc/tests/integration.test.ts:309:5\n    at file:///C:/Users/bjvan/node/nrpc/node_modules/@vitest/runner/dist/index.js:901:40\n    at runWithSuite (file:///C:/Users/bjvan/node/nrpc/node_modules/@vitest/runner/dist/index.js:1195:8)\n    at Object.collect (file:///C:/Users/bjvan/node/nrpc/node_modules/@vitest/runner/dist/index.js:901:10)\n    at Object.collect (file:///C:/Users/bjvan/node/nrpc/node_modules/@vitest/runner/dist/index.js:905:54)\n    at processTicksAndRejections (node:internal/process/task_queues:105:5)\n    at Object.collect (file:///C:/Users/bjvan/node/nrpc/node_modules/@vitest/runner/dist/index.js:905:46)\n    at file:///C:/Users/bjvan/node/nrpc/node_modules/@vitest/runner/dist/index.js:1390:26\n    at collectTests (file:///C:/Users/bjvan/node/nrpc/node_modules/@vitest/runner/dist/index.js:1365:3)\n    at startTests (file:///C:/Users/bjvan/node/nrpc/node_modules/@vitest/runner/dist/index.js:1937:17)\n    at file:///C:/Users/bjvan/node/nrpc/node_modules/vitest/dist/chunks/base.CJ0Y4ePK.js:86:26"
          ],
          "meta": {}
        },
        {
          "ancestorTitles": [
            "Integration: Client ↔ Server",
            "Context propagation"
          ],
          "fullName": "Integration: Client ↔ Server Context propagation preserves context across multiple operations",
          "status": "failed",
          "title": "preserves context across multiple operations",
          "duration": 5014.437999999995,
          "failureMessages": [
            "Error: STACK_TRACE_ERROR\n    at task (file:///C:/Users/bjvan/node/nrpc/node_modules/@vitest/runner/dist/index.js:796:27)\n    at Object.<anonymous> (file:///C:/Users/bjvan/node/nrpc/node_modules/@vitest/runner/dist/index.js:823:16)\n    at Object.<anonymous> (file:///C:/Users/bjvan/node/nrpc/node_modules/@vitest/runner/dist/index.js:615:28)\n    at chain (file:///C:/Users/bjvan/node/nrpc/node_modules/@vitest/runner/dist/chunk-tasks.js:9:14)\n    at C:/Users/bjvan/node/nrpc/tests/integration.test.ts:321:5\n    at file:///C:/Users/bjvan/node/nrpc/node_modules/@vitest/runner/dist/index.js:901:40\n    at runWithSuite (file:///C:/Users/bjvan/node/nrpc/node_modules/@vitest/runner/dist/index.js:1195:8)\n    at Object.collect (file:///C:/Users/bjvan/node/nrpc/node_modules/@vitest/runner/dist/index.js:901:10)\n    at Object.collect (file:///C:/Users/bjvan/node/nrpc/node_modules/@vitest/runner/dist/index.js:905:54)\n    at processTicksAndRejections (node:internal/process/task_queues:105:5)\n    at Object.collect (file:///C:/Users/bjvan/node/nrpc/node_modules/@vitest/runner/dist/index.js:905:46)\n    at file:///C:/Users/bjvan/node/nrpc/node_modules/@vitest/runner/dist/index.js:1390:26\n    at collectTests (file:///C:/Users/bjvan/node/nrpc/node_modules/@vitest/runner/dist/index.js:1365:3)\n    at startTests (file:///C:/Users/bjvan/node/nrpc/node_modules/@vitest/runner/dist/index.js:1937:17)\n    at file:///C:/Users/bjvan/node/nrpc/node_modules/vitest/dist/chunks/base.CJ0Y4ePK.js:86:26"
          ],
          "meta": {}
        },
        {
          "ancestorTitles": ["Integration: Client ↔ Server", "Cleanup"],
          "fullName": "Integration: Client ↔ Server Cleanup allows cleanup without errors",
          "status": "passed",
          "title": "allows cleanup without errors",
          "duration": 1.0680999999894993,
          "failureMessages": [],
          "meta": {}
        }
      ],
      "startTime": 1770077913778,
      "endTime": 1770078029013.068,
      "status": "failed",
      "message": "",
      "name": "C:/Users/bjvan/node/nrpc/tests/integration.test.ts"
    },
    {
      "assertionResults": [
        {
          "ancestorTitles": ["NRPCServer", "getRoute()"],
          "fullName": "NRPCServer getRoute() resolves a simple query route",
          "status": "passed",
          "title": "resolves a simple query route",
          "duration": 1.0369999999999777,
          "failureMessages": [],
          "meta": {}
        },
        {
          "ancestorTitles": ["NRPCServer", "getRoute()"],
          "fullName": "NRPCServer getRoute() resolves a subscription route",
          "status": "passed",
          "title": "resolves a subscription route",
          "duration": 0.18509999999997717,
          "failureMessages": [],
          "meta": {}
        },
        {
          "ancestorTitles": ["NRPCServer", "getRoute()"],
          "fullName": "NRPCServer getRoute() throws error for non-existent route",
          "status": "passed",
          "title": "throws error for non-existent route",
          "duration": 0.9298000000000002,
          "failureMessages": [],
          "meta": {}
        },
        {
          "ancestorTitles": ["NRPCServer", "getRoute()"],
          "fullName": "NRPCServer getRoute() applies middleware to context",
          "status": "passed",
          "title": "applies middleware to context",
          "duration": 0.1815000000000282,
          "failureMessages": [],
          "meta": {}
        },
        {
          "ancestorTitles": ["NRPCServer", "getRoute()"],
          "fullName": "NRPCServer getRoute() resolves nested router with one level",
          "status": "passed",
          "title": "resolves nested router with one level",
          "duration": 0.22989999999998645,
          "failureMessages": [],
          "meta": {}
        },
        {
          "ancestorTitles": ["NRPCServer", "getRoute()"],
          "fullName": "NRPCServer getRoute() resolves deeply nested router with two levels",
          "status": "passed",
[...]
          ],
          "meta": {}
        },
        {
          "ancestorTitles": [
            "Worker Thread Communication",
            "Subscription execution"
          ],
          "fullName": "Worker Thread Communication Subscription execution receives subscription with input through worker",
          "status": "failed",
          "title": "receives subscription with input through worker",
          "duration": 5014.3747,
          "failureMessages": [
            "Error: STACK_TRACE_ERROR\n    at task (file:///C:/Users/bjvan/node/nrpc/node_modules/@vitest/runner/dist/index.js:796:27)\n    at Object.<anonymous> (file:///C:/Users/bjvan/node/nrpc/node_modules/@vitest/runner/dist/index.js:823:16)\n    at Object.<anonymous> (file:///C:/Users/bjvan/node/nrpc/node_modules/@vitest/runner/dist/index.js:615:28)\n    at chain (file:///C:/Users/bjvan/node/nrpc/node_modules/@vitest/runner/dist/chunk-tasks.js:9:14)\n    at C:/Users/bjvan/node/nrpc/tests/worker.test.ts:78:5\n    at file:///C:/Users/bjvan/node/nrpc/node_modules/@vitest/runner/dist/index.js:901:40\n    at runWithSuite (file:///C:/Users/bjvan/node/nrpc/node_modules/@vitest/runner/dist/index.js:1195:8)\n    at Object.collect (file:///C:/Users/bjvan/node/nrpc/node_modules/@vitest/runner/dist/index.js:901:10)\n    at Object.collect (file:///C:/Users/bjvan/node/nrpc/node_modules/@vitest/runner/dist/index.js:905:54)\n    at processTicksAndRejections (node:internal/process/task_queues:105:5)\n    at Object.collect (file:///C:/Users/bjvan/node/nrpc/node_modules/@vitest/runner/dist/index.js:905:46)\n    at file:///C:/Users/bjvan/node/nrpc/node_modules/@vitest/runner/dist/index.js:1390:26\n    at collectTests (file:///C:/Users/bjvan/node/nrpc/node_modules/@vitest/runner/dist/index.js:1365:3)\n    at startTests (file:///C:/Users/bjvan/node/nrpc/node_modules/@vitest/runner/dist/index.js:1937:17)\n    at file:///C:/Users/bjvan/node/nrpc/node_modules/vitest/dist/chunks/base.CJ0Y4ePK.js:86:26"
          ],
          "meta": {}
        },
        {
          "ancestorTitles": [
            "Worker Thread Communication",
            "Subscription execution"
          ],
          "fullName": "Worker Thread Communication Subscription execution handles multiple subscriptions concurrently",
          "status": "failed",
          "title": "handles multiple subscriptions concurrently",
          "duration": 5014.879799999999,
          "failureMessages": [
            "Error: STACK_TRACE_ERROR\n    at task (file:///C:/Users/bjvan/node/nrpc/node_modules/@vitest/runner/dist/index.js:796:27)\n    at Object.<anonymous> (file:///C:/Users/bjvan/node/nrpc/node_modules/@vitest/runner/dist/index.js:823:16)\n    at Object.<anonymous> (file:///C:/Users/bjvan/node/nrpc/node_modules/@vitest/runner/dist/index.js:615:28)\n    at chain (file:///C:/Users/bjvan/node/nrpc/node_modules/@vitest/runner/dist/chunk-tasks.js:9:14)\n    at C:/Users/bjvan/node/nrpc/tests/worker.test.ts:95:5\n    at file:///C:/Users/bjvan/node/nrpc/node_modules/@vitest/runner/dist/index.js:901:40\n    at runWithSuite (file:///C:/Users/bjvan/node/nrpc/node_modules/@vitest/runner/dist/index.js:1195:8)\n    at Object.collect (file:///C:/Users/bjvan/node/nrpc/node_modules/@vitest/runner/dist/index.js:901:10)\n    at Object.collect (file:///C:/Users/bjvan/node/nrpc/node_modules/@vitest/runner/dist/index.js:905:54)\n    at processTicksAndRejections (node:internal/process/task_queues:105:5)\n    at Object.collect (file:///C:/Users/bjvan/node/nrpc/node_modules/@vitest/runner/dist/index.js:905:46)\n    at file:///C:/Users/bjvan/node/nrpc/node_modules/@vitest/runner/dist/index.js:1390:26\n    at collectTests (file:///C:/Users/bjvan/node/nrpc/node_modules/@vitest/runner/dist/index.js:1365:3)\n    at startTests (file:///C:/Users/bjvan/node/nrpc/node_modules/@vitest/runner/dist/index.js:1937:17)\n    at file:///C:/Users/bjvan/node/nrpc/node_modules/vitest/dist/chunks/base.CJ0Y4ePK.js:86:26"
          ],
          "meta": {}
        },
        {
          "ancestorTitles": [
            "Worker Thread Communication",
            "Error handling through worker"
          ],
          "fullName": "Worker Thread Communication Error handling through worker propagates query errors",
          "status": "failed",
          "title": "propagates query errors",
          "duration": 5011.399099999995,
          "failureMessages": [
            "Error: STACK_TRACE_ERROR\n    at task (file:///C:/Users/bjvan/node/nrpc/node_modules/@vitest/runner/dist/index.js:796:27)\n    at Object.<anonymous> (file:///C:/Users/bjvan/node/nrpc/node_modules/@vitest/runner/dist/index.js:823:16)\n    at Object.<anonymous> (file:///C:/Users/bjvan/node/nrpc/node_modules/@vitest/runner/dist/index.js:615:28)\n    at chain (file:///C:/Users/bjvan/node/nrpc/node_modules/@vitest/runner/dist/chunk-tasks.js:9:14)\n    at C:/Users/bjvan/node/nrpc/tests/worker.test.ts:124:5\n    at file:///C:/Users/bjvan/node/nrpc/node_modules/@vitest/runner/dist/index.js:901:40\n    at runWithSuite (file:///C:/Users/bjvan/node/nrpc/node_modules/@vitest/runner/dist/index.js:1195:8)\n    at Object.collect (file:///C:/Users/bjvan/node/nrpc/node_modules/@vitest/runner/dist/index.js:901:10)\n    at Object.collect (file:///C:/Users/bjvan/node/nrpc/node_modules/@vitest/runner/dist/index.js:905:54)\n    at processTicksAndRejections (node:internal/process/task_queues:105:5)\n    at Object.collect (file:///C:/Users/bjvan/node/nrpc/node_modules/@vitest/runner/dist/index.js:905:46)\n    at file:///C:/Users/bjvan/node/nrpc/node_modules/@vitest/runner/dist/index.js:1390:26\n    at collectTests (file:///C:/Users/bjvan/node/nrpc/node_modules/@vitest/runner/dist/index.js:1365:3)\n    at startTests (file:///C:/Users/bjvan/node/nrpc/node_modules/@vitest/runner/dist/index.js:1937:17)\n    at file:///C:/Users/bjvan/node/nrpc/node_modules/vitest/dist/chunks/base.CJ0Y4ePK.js:86:26"
          ],
          "meta": {}
        },
        {
          "ancestorTitles": [
            "Worker Thread Communication",
            "Error handling through worker"
          ],
          "fullName": "Worker Thread Communication Error handling through worker handles invalid route",
          "status": "failed",
          "title": "handles invalid route",
          "duration": 5003.9797000000035,
          "failureMessages": [
            "Error: STACK_TRACE_ERROR\n    at task (file:///C:/Users/bjvan/node/nrpc/node_modules/@vitest/runner/dist/index.js:796:27)\n    at Object.<anonymous> (file:///C:/Users/bjvan/node/nrpc/node_modules/@vitest/runner/dist/index.js:823:16)\n    at Object.<anonymous> (file:///C:/Users/bjvan/node/nrpc/node_modules/@vitest/runner/dist/index.js:615:28)\n    at chain (file:///C:/Users/bjvan/node/nrpc/node_modules/@vitest/runner/dist/chunk-tasks.js:9:14)\n    at C:/Users/bjvan/node/nrpc/tests/worker.test.ts:144:5\n    at file:///C:/Users/bjvan/node/nrpc/node_modules/@vitest/runner/dist/index.js:901:40\n    at runWithSuite (file:///C:/Users/bjvan/node/nrpc/node_modules/@vitest/runner/dist/index.js:1195:8)\n    at Object.collect (file:///C:/Users/bjvan/node/nrpc/node_modules/@vitest/runner/dist/index.js:901:10)\n    at Object.collect (file:///C:/Users/bjvan/node/nrpc/node_modules/@vitest/runner/dist/index.js:905:54)\n    at processTicksAndRejections (node:internal/process/task_queues:105:5)\n    at Object.collect (file:///C:/Users/bjvan/node/nrpc/node_modules/@vitest/runner/dist/index.js:905:46)\n    at file:///C:/Users/bjvan/node/nrpc/node_modules/@vitest/runner/dist/index.js:1390:26\n    at collectTests (file:///C:/Users/bjvan/node/nrpc/node_modules/@vitest/runner/dist/index.js:1365:3)\n    at startTests (file:///C:/Users/bjvan/node/nrpc/node_modules/@vitest/runner/dist/index.js:1937:17)\n    at file:///C:/Users/bjvan/node/nrpc/node_modules/vitest/dist/chunks/base.CJ0Y4ePK.js:86:26"
          ],
          "meta": {}
        },
        {
          "ancestorTitles": [
            "Worker Thread Communication",
            "Nested routers through worker"
          ],
          "fullName": "Worker Thread Communication Nested routers through worker routes through nested routers",
          "status": "failed",
          "title": "routes through nested routers",
          "duration": 5007.661899999999,
          "failureMessages": [
            "Error: STACK_TRACE_ERROR\n    at task (file:///C:/Users/bjvan/node/nrpc/node_modules/@vitest/runner/dist/index.js:796:27)\n    at Object.<anonymous> (file:///C:/Users/bjvan/node/nrpc/node_modules/@vitest/runner/dist/index.js:823:16)\n    at Object.<anonymous> (file:///C:/Users/bjvan/node/nrpc/node_modules/@vitest/runner/dist/index.js:615:28)\n    at chain (file:///C:/Users/bjvan/node/nrpc/node_modules/@vitest/runner/dist/chunk-tasks.js:9:14)\n    at C:/Users/bjvan/node/nrpc/tests/worker.test.ts:159:5\n    at file:///C:/Users/bjvan/node/nrpc/node_modules/@vitest/runner/dist/index.js:901:40\n    at runWithSuite (file:///C:/Users/bjvan/node/nrpc/node_modules/@vitest/runner/dist/index.js:1195:8)\n    at Object.collect (file:///C:/Users/bjvan/node/nrpc/node_modules/@vitest/runner/dist/index.js:901:10)\n    at Object.collect (file:///C:/Users/bjvan/node/nrpc/node_modules/@vitest/runner/dist/index.js:905:54)\n    at processTicksAndRejections (node:internal/process/task_queues:105:5)\n    at Object.collect (file:///C:/Users/bjvan/node/nrpc/node_modules/@vitest/runner/dist/index.js:905:46)\n    at file:///C:/Users/bjvan/node/nrpc/node_modules/@vitest/runner/dist/index.js:1390:26\n    at collectTests (file:///C:/Users/bjvan/node/nrpc/node_modules/@vitest/runner/dist/index.js:1365:3)\n    at startTests (file:///C:/Users/bjvan/node/nrpc/node_modules/@vitest/runner/dist/index.js:1937:17)\n    at file:///C:/Users/bjvan/node/nrpc/node_modules/vitest/dist/chunks/base.CJ0Y4ePK.js:86:26"
          ],
          "meta": {}
        },
        {
          "ancestorTitles": [
            "Worker Thread Communication",
            "Nested routers through worker"
          ],
          "fullName": "Worker Thread Communication Nested routers through worker executes subscription in nested router",
          "status": "failed",
          "title": "executes subscription in nested router",
          "duration": 5007.8505000000005,
          "failureMessages": [
            "Error: STACK_TRACE_ERROR\n    at task (file:///C:/Users/bjvan/node/nrpc/node_modules/@vitest/runner/dist/index.js:796:27)\n    at Object.<anonymous> (file:///C:/Users/bjvan/node/nrpc/node_modules/@vitest/runner/dist/index.js:823:16)\n    at Object.<anonymous> (file:///C:/Users/bjvan/node/nrpc/node_modules/@vitest/runner/dist/index.js:615:28)\n    at chain (file:///C:/Users/bjvan/node/nrpc/node_modules/@vitest/runner/dist/chunk-tasks.js:9:14)\n    at C:/Users/bjvan/node/nrpc/tests/worker.test.ts:173:5\n    at file:///C:/Users/bjvan/node/nrpc/node_modules/@vitest/runner/dist/index.js:901:40\n    at runWithSuite (file:///C:/Users/bjvan/node/nrpc/node_modules/@vitest/runner/dist/index.js:1195:8)\n    at Object.collect (file:///C:/Users/bjvan/node/nrpc/node_modules/@vitest/runner/dist/index.js:901:10)\n    at Object.collect (file:///C:/Users/bjvan/node/nrpc/node_modules/@vitest/runner/dist/index.js:905:54)\n    at processTicksAndRejections (node:internal/process/task_queues:105:5)\n    at Object.collect (file:///C:/Users/bjvan/node/nrpc/node_modules/@vitest/runner/dist/index.js:905:46)\n    at file:///C:/Users/bjvan/node/nrpc/node_modules/@vitest/runner/dist/index.js:1390:26\n    at collectTests (file:///C:/Users/bjvan/node/nrpc/node_modules/@vitest/runner/dist/index.js:1365:3)\n    at startTests (file:///C:/Users/bjvan/node/nrpc/node_modules/@vitest/runner/dist/index.js:1937:17)\n    at file:///C:/Users/bjvan/node/nrpc/node_modules/vitest/dist/chunks/base.CJ0Y4ePK.js:86:26"
          ],
          "meta": {}
        },
        {
          "ancestorTitles": ["Worker Thread Communication", "Serialization"],
          "fullName": "Worker Thread Communication Serialization serializes and deserializes JSON",
          "status": "failed",
          "title": "serializes and deserializes JSON",
          "duration": 5001.743600000002,
          "failureMessages": [
            "Error: STACK_TRACE_ERROR\n    at task (file:///C:/Users/bjvan/node/nrpc/node_modules/@vitest/runner/dist/index.js:796:27)\n    at Object.<anonymous> (file:///C:/Users/bjvan/node/nrpc/node_modules/@vitest/runner/dist/index.js:823:16)\n    at Object.<anonymous> (file:///C:/Users/bjvan/node/nrpc/node_modules/@vitest/runner/dist/index.js:615:28)\n    at chain (file:///C:/Users/bjvan/node/nrpc/node_modules/@vitest/runner/dist/chunk-tasks.js:9:14)\n    at C:/Users/bjvan/node/nrpc/tests/worker.test.ts:193:5\n    at file:///C:/Users/bjvan/node/nrpc/node_modules/@vitest/runner/dist/index.js:901:40\n    at runWithSuite (file:///C:/Users/bjvan/node/nrpc/node_modules/@vitest/runner/dist/index.js:1195:8)\n    at Object.collect (file:///C:/Users/bjvan/node/nrpc/node_modules/@vitest/runner/dist/index.js:901:10)\n    at Object.collect (file:///C:/Users/bjvan/node/nrpc/node_modules/@vitest/runner/dist/index.js:905:54)\n    at processTicksAndRejections (node:internal/process/task_queues:105:5)\n    at Object.collect (file:///C:/Users/bjvan/node/nrpc/node_modules/@vitest/runner/dist/index.js:905:46)\n    at file:///C:/Users/bjvan/node/nrpc/node_modules/@vitest/runner/dist/index.js:1390:26\n    at collectTests (file:///C:/Users/bjvan/node/nrpc/node_modules/@vitest/runner/dist/index.js:1365:3)\n    at startTests (file:///C:/Users/bjvan/node/nrpc/node_modules/@vitest/runner/dist/index.js:1937:17)\n    at file:///C:/Users/bjvan/node/nrpc/node_modules/vitest/dist/chunks/base.CJ0Y4ePK.js:86:26"
          ],
          "meta": {}
        },
        {
          "ancestorTitles": ["Worker Thread Communication", "Serialization"],
          "fullName": "Worker Thread Communication Serialization handles null and undefined",
          "status": "failed",
          "title": "handles null and undefined",
          "duration": 5006.068899999998,
          "failureMessages": [
            "Error: STACK_TRACE_ERROR\n    at task (file:///C:/Users/bjvan/node/nrpc/node_modules/@vitest/runner/dist/index.js:796:27)\n    at Object.<anonymous> (file:///C:/Users/bjvan/node/nrpc/node_modules/@vitest/runner/dist/index.js:823:16)\n    at Object.<anonymous> (file:///C:/Users/bjvan/node/nrpc/node_modules/@vitest/runner/dist/index.js:615:28)\n    at chain (file:///C:/Users/bjvan/node/nrpc/node_modules/@vitest/runner/dist/chunk-tasks.js:9:14)\n    at C:/Users/bjvan/node/nrpc/tests/worker.test.ts:217:5\n    at file:///C:/Users/bjvan/node/nrpc/node_modules/@vitest/runner/dist/index.js:901:40\n    at runWithSuite (file:///C:/Users/bjvan/node/nrpc/node_modules/@vitest/runner/dist/index.js:1195:8)\n    at Object.collect (file:///C:/Users/bjvan/node/nrpc/node_modules/@vitest/runner/dist/index.js:901:10)\n    at Object.collect (file:///C:/Users/bjvan/node/nrpc/node_modules/@vitest/runner/dist/index.js:905:54)\n    at processTicksAndRejections (node:internal/process/task_queues:105:5)\n    at Object.collect (file:///C:/Users/bjvan/node/nrpc/node_modules/@vitest/runner/dist/index.js:905:46)\n    at file:///C:/Users/bjvan/node/nrpc/node_modules/@vitest/runner/dist/index.js:1390:26\n    at collectTests (file:///C:/Users/bjvan/node/nrpc/node_modules/@vitest/runner/dist/index.js:1365:3)\n    at startTests (file:///C:/Users/bjvan/node/nrpc/node_modules/@vitest/runner/dist/index.js:1937:17)\n    at file:///C:/Users/bjvan/node/nrpc/node_modules/vitest/dist/chunks/base.CJ0Y4ePK.js:86:26"
          ],
          "meta": {}
        },
        {
          "ancestorTitles": ["Worker Thread Communication", "Serialization"],
          "fullName": "Worker Thread Communication Serialization handles complex nested structures",
          "status": "failed",
          "title": "handles complex nested structures",
          "duration": 5003.309699999998,
          "failureMessages": [
            "Error: STACK_TRACE_ERROR\n    at task (file:///C:/Users/bjvan/node/nrpc/node_modules/@vitest/runner/dist/index.js:796:27)\n    at Object.<anonymous> (file:///C:/Users/bjvan/node/nrpc/node_modules/@vitest/runner/dist/index.js:823:16)\n    at Object.<anonymous> (file:///C:/Users/bjvan/node/nrpc/node_modules/@vitest/runner/dist/index.js:615:28)\n    at chain (file:///C:/Users/bjvan/node/nrpc/node_modules/@vitest/runner/dist/chunk-tasks.js:9:14)\n    at C:/Users/bjvan/node/nrpc/tests/worker.test.ts:237:5\n    at file:///C:/Users/bjvan/node/nrpc/node_modules/@vitest/runner/dist/index.js:901:40\n    at runWithSuite (file:///C:/Users/bjvan/node/nrpc/node_modules/@vitest/runner/dist/index.js:1195:8)\n    at Object.collect (file:///C:/Users/bjvan/node/nrpc/node_modules/@vitest/runner/dist/index.js:901:10)\n    at Object.collect (file:///C:/Users/bjvan/node/nrpc/node_modules/@vitest/runner/dist/index.js:905:54)\n    at processTicksAndRejections (node:internal/process/task_queues:105:5)\n    at Object.collect (file:///C:/Users/bjvan/node/nrpc/node_modules/@vitest/runner/dist/index.js:905:46)\n    at file:///C:/Users/bjvan/node/nrpc/node_modules/@vitest/runner/dist/index.js:1390:26\n    at collectTests (file:///C:/Users/bjvan/node/nrpc/node_modules/@vitest/runner/dist/index.js:1365:3)\n    at startTests (file:///C:/Users/bjvan/node/nrpc/node_modules/@vitest/runner/dist/index.js:1937:17)\n    at file:///C:/Users/bjvan/node/nrpc/node_modules/vitest/dist/chunks/base.CJ0Y4ePK.js:86:26"
          ],
          "meta": {}
        },
        {
          "ancestorTitles": ["Worker Thread Communication", "Worker cleanup"],
          "fullName": "Worker Thread Communication Worker cleanup cleans up worker properly",
          "status": "failed",
          "title": "cleans up worker properly",
          "duration": 5006.637700000007,
          "failureMessages": [
            "Error: STACK_TRACE_ERROR\n    at task (file:///C:/Users/bjvan/node/nrpc/node_modules/@vitest/runner/dist/index.js:796:27)\n    at Object.<anonymous> (file:///C:/Users/bjvan/node/nrpc/node_modules/@vitest/runner/dist/index.js:823:16)\n    at Object.<anonymous> (file:///C:/Users/bjvan/node/nrpc/node_modules/@vitest/runner/dist/index.js:615:28)\n    at chain (file:///C:/Users/bjvan/node/nrpc/node_modules/@vitest/runner/dist/chunk-tasks.js:9:14)\n    at C:/Users/bjvan/node/nrpc/tests/worker.test.ts:266:5\n    at file:///C:/Users/bjvan/node/nrpc/node_modules/@vitest/runner/dist/index.js:901:40\n    at runWithSuite (file:///C:/Users/bjvan/node/nrpc/node_modules/@vitest/runner/dist/index.js:1195:8)\n    at Object.collect (file:///C:/Users/bjvan/node/nrpc/node_modules/@vitest/runner/dist/index.js:901:10)\n    at Object.collect (file:///C:/Users/bjvan/node/nrpc/node_modules/@vitest/runner/dist/index.js:905:54)\n    at processTicksAndRejections (node:internal/process/task_queues:105:5)\n    at Object.collect (file:///C:/Users/bjvan/node/nrpc/node_modules/@vitest/runner/dist/index.js:905:46)\n    at file:///C:/Users/bjvan/node/nrpc/node_modules/@vitest/runner/dist/index.js:1390:26\n    at collectTests (file:///C:/Users/bjvan/node/nrpc/node_modules/@vitest/runner/dist/index.js:1365:3)\n    at startTests (file:///C:/Users/bjvan/node/nrpc/node_modules/@vitest/runner/dist/index.js:1937:17)\n    at file:///C:/Users/bjvan/node/nrpc/node_modules/vitest/dist/chunks/base.CJ0Y4ePK.js:86:26"
          ],
          "meta": {}
        }
      ],
      "startTime": 1770077913782,
      "endTime": 1770077988923.6377,
      "status": "failed",
      "message": "",
      "name": "C:/Users/bjvan/node/nrpc/tests/worker.test.ts"
    }
  ]
}
