{"numTotalTestSuites":41,"numPassedTestSuites":41,"numFailedTestSuites":0,"numPendingTestSuites":0,"numTotalTests":113,"numPassedTests":113,"numFailedTests":0,"numPendingTests":0,"numTodoTests":0,"snapshot":{"added":0,"failure":false,"filesAdded":0,"filesRemoved":0,"filesRemovedList":[],"filesUnmatched":0,"filesUpdated":0,"matched":0,"total":0,"unchecked":0,"uncheckedKeysByFile":[],"unmatched":0,"updated":0,"didUpdate":false},"startTime":1770083847763,"success":true,"testResults":[{"assertionResults":[{"ancestorTitles":["Builders","router()"],"fullName":"Builders router() creates a router with correct tag","status":"passed","title":"creates a router with correct tag","duration":1.109800000000007,"failureMessages":[],"meta":{}},{"ancestorTitles":["Builders","router()"],"fullName":"Builders router() stores middleware function","status":"passed","title":"stores middleware function","duration":0.2208999999999719,"failureMessages":[],"meta":{}},{"ancestorTitles":["Builders","router()"],"fullName":"Builders router() stores routes","status":"passed","title":"stores routes","duration":0.24169999999998026,"failureMessages":[],"meta":{}},{"ancestorTitles":["Builders","router()"],"fullName":"Builders router() supports async middleware","status":"passed","title":"supports async middleware","duration":0.22550000000001091,"failureMessages":[],"meta":{}},{"ancestorTitles":["Builders","query()"],"fullName":"Builders query() creates a query with correct tag","status":"passed","title":"creates a query with correct tag","duration":0.1604000000000383,"failureMessages":[],"meta":{}},{"ancestorTitles":["Builders","query()"],"fullName":"Builders query() stores method without validator","status":"passed","title":"stores method without validator","duration":0.156599999999969,"failureMessages":[],"meta":{}},{"ancestorTitles":["Builders","query()"],"fullName":"Builders query() creates default validator when none provided","status":"passed","title":"creates default validator when none provided","duration":0.12599999999997635,"failureMessages":[],"meta":{}},{"ancestorTitles":["Builders","query()"],"fullName":"Builders query() stores validator and method when provided","status":"passed","title":"stores validator and method when provided","duration":1.183999999999969,"failureMessages":[],"meta":{}},{"ancestorTitles":["Builders","query()"],"fullName":"Builders query() supports async methods","status":"passed","title":"supports async methods","duration":0.21339999999997872,"failureMessages":[],"meta":{}},{"ancestorTitles":["Builders","query()"],"fullName":"Builders query() works with custom validator functions","status":"passed","title":"works with custom validator functions","duration":0.28580000000005157,"failureMessages":[],"meta":{}},{"ancestorTitles":["Builders","subscription()"],"fullName":"Builders subscription() creates a subscription with correct tag","status":"passed","title":"creates a subscription with correct tag","duration":0.13369999999997617,"failureMessages":[],"meta":{}},{"ancestorTitles":["Builders","subscription()"],"fullName":"Builders subscription() stores method without validator","status":"passed","title":"stores method without validator","duration":0.08510000000001128,"failureMessages":[],"meta":{}},{"ancestorTitles":["Builders","subscription()"],"fullName":"Builders subscription() creates default validator when none provided","status":"passed","title":"creates default validator when none provided","duration":0.06619999999998072,"failureMessages":[],"meta":{}},{"ancestorTitles":["Builders","subscription()"],"fullName":"Builders subscription() stores validator and method when provided","status":"passed","title":"stores validator and method when provided","duration":0.20240000000001146,"failureMessages":[],"meta":{}},{"ancestorTitles":["Builders","subscription()"],"fullName":"Builders subscription() supports async generator methods","status":"passed","title":"supports async generator methods","duration":1.0120999999999754,"failureMessages":[],"meta":{}},{"ancestorTitles":["Builders","subscription()"],"fullName":"Builders subscription() works with custom validator functions","status":"passed","title":"works with custom validator functions","duration":0.1471000000000231,"failureMessages":[],"meta":{}},{"ancestorTitles":["Builders","Type combinations"],"fullName":"Builders Type combinations supports mixed routes with queries and subscriptions","status":"passed","title":"supports mixed routes with queries and subscriptions","duration":0.22530000000000427,"failureMessages":[],"meta":{}},{"ancestorTitles":["Builders","Type combinations"],"fullName":"Builders Type combinations supports nested routers with mixed routes","status":"passed","title":"supports nested routers with mixed routes","duration":0.21199999999998909,"failureMessages":[],"meta":{}}],"startTime":1770083848170,"endTime":1770083848177.212,"status":"passed","message":"","name":"C:/Users/bjvan/node/nrpc/tests/builders.test.ts"},{"assertionResults":[{"ancestorTitles":["Child Process Communication","Basic query execution"],"fullName":"Child Process Communication Basic query execution executes simple query through child process","status":"passed","title":"executes simple query through child process","duration":173.5539,"failureMessages":[],"meta":{}},{"ancestorTitles":["Child Process Communication","Basic query execution"],"fullName":"Child Process Communication Basic query execution executes query with parameters through child process","status":"passed","title":"executes query with parameters through child process","duration":175.3573,"failureMessages":[],"meta":{}},{"ancestorTitles":["Child Process Communication","Basic query execution"],"fullName":"Child Process Communication Basic query execution executes multiple queries in sequence","status":"passed","title":"executes multiple queries in sequence","duration":189.7482,"failureMessages":[],"meta":{}},{"ancestorTitles":["Child Process Communication","Basic query execution"],"fullName":"Child Process Communication Basic query execution executes queries in parallel","status":"passed","title":"executes queries in parallel","duration":191.55389999999989,"failureMessages":[],"meta":{}},{"ancestorTitles":["Child Process Communication","Subscription execution"],"fullName":"Child Process Communication Subscription execution receives subscription data through child process","status":"passed","title":"receives subscription data through child process","duration":352.49749999999995,"failureMessages":[],"meta":{}},{"ancestorTitles":["Child Process Communication","Subscription execution"],"fullName":"Child Process Communication Subscription execution receives subscription with input through child process","status":"passed","title":"receives subscription with input through child process","duration":175.76189999999997,"failureMessages":[],"meta":{}},{"ancestorTitles":["Child Process Communication","Subscription execution"],"fullName":"Child Process Communication Subscription execution handles multiple subscriptions concurrently","status":"passed","title":"handles multiple subscriptions concurrently","duration":351.53700000000003,"failureMessages":[],"meta":{}},{"ancestorTitles":["Child Process Communication","Error handling through child process"],"fullName":"Child Process Communication Error handling through child process handles invalid route","status":"passed","title":"handles invalid route","duration":173.6309000000001,"failureMessages":[],"meta":{}},{"ancestorTitles":["Child Process Communication","Serialization with advanced"],"fullName":"Child Process Communication Serialization with advanced handles null and undefined through child process","status":"passed","title":"handles null and undefined through child process","duration":154.1320999999998,"failureMessages":[],"meta":{}},{"ancestorTitles":["Child Process Communication","Serialization with advanced"],"fullName":"Child Process Communication Serialization with advanced handles complex nested structures","status":"passed","title":"handles complex nested structures","duration":155.05420000000004,"failureMessages":[],"meta":{}},{"ancestorTitles":["Child Process Communication","Child process cleanup"],"fullName":"Child Process Communication Child process cleanup cleans up child process properly","status":"passed","title":"cleans up child process properly","duration":153.85710000000017,"failureMessages":[],"meta":{}}],"startTime":1770083848178,"endTime":1770083850426.8572,"status":"passed","message":"","name":"C:/Users/bjvan/node/nrpc/tests/child-process.test.ts"},{"assertionResults":[{"ancestorTitles":["getClient()","message handling"],"fullName":"getClient() message handling returns client with onMsg, onClose, and proxy","status":"passed","title":"returns client with onMsg, onClose, and proxy","duration":1.6061999999999443,"failureMessages":[],"meta":{}},{"ancestorTitles":["getClient()","message handling"],"fullName":"getClient() message handling handles query result messages","status":"passed","title":"handles query result messages","duration":0.36930000000000973,"failureMessages":[],"meta":{}},{"ancestorTitles":["getClient()","message handling"],"fullName":"getClient() message handling handles query error messages","status":"passed","title":"handles query error messages","duration":0.5921999999999912,"failureMessages":[],"meta":{}},{"ancestorTitles":["getClient()","message handling"],"fullName":"getClient() message handling handles subscription start messages","status":"passed","title":"handles subscription start messages","duration":0.2740999999999758,"failureMessages":[],"meta":{}},{"ancestorTitles":["getClient()","message handling"],"fullName":"getClient() message handling handles subscription data messages","status":"passed","title":"handles subscription data messages","duration":0.4549999999999841,"failureMessages":[],"meta":{}},{"ancestorTitles":["getClient()","message handling"],"fullName":"getClient() message handling handles subscription end messages","status":"passed","title":"handles subscription end messages","duration":0.37649999999996453,"failureMessages":[],"meta":{}},{"ancestorTitles":["getClient()","message handling"],"fullName":"getClient() message handling handles subscription error messages","status":"passed","title":"handles subscription error messages","duration":0.33490000000000464,"failureMessages":[],"meta":{}},{"ancestorTitles":["getClient()","message handling"],"fullName":"getClient() message handling handles multiple concurrent requests","status":"passed","title":"handles multiple concurrent requests","duration":25.82589999999999,"failureMessages":[],"meta":{}},{"ancestorTitles":["getClient()","message handling"],"fullName":"getClient() message handling handles multiple concurrent subscriptions","status":"passed","title":"handles multiple concurrent subscriptions","duration":0.5722999999999843,"failureMessages":[],"meta":{}},{"ancestorTitles":["getClient()","request generation"],"fullName":"getClient() request generation generates request messages with correct structure","status":"passed","title":"generates request messages with correct structure","duration":0.5626000000000317,"failureMessages":[],"meta":{}},{"ancestorTitles":["getClient()","request generation"],"fullName":"getClient() request generation generates unique IDs for sequential requests","status":"passed","title":"generates unique IDs for sequential requests","duration":0.248299999999972,"failureMessages":[],"meta":{}},{"ancestorTitles":["getClient()","request generation"],"fullName":"getClient() request generation builds nested paths for nested routes","status":"passed","title":"builds nested paths for nested routes","duration":0.31260000000003174,"failureMessages":[],"meta":{}},{"ancestorTitles":["getClient()","request generation"],"fullName":"getClient() request generation includes undefined for requests without input","status":"passed","title":"includes undefined for requests without input","duration":0.2540000000000191,"failureMessages":[],"meta":{}},{"ancestorTitles":["getClient()","proxy interface"],"fullName":"getClient() proxy interface proxy returns thenable for async/await compatibility","status":"passed","title":"proxy returns thenable for async/await compatibility","duration":0.6204999999999927,"failureMessages":[],"meta":{}},{"ancestorTitles":["getClient()","proxy interface"],"fullName":"getClient() proxy interface proxy does not return promise for .then access","status":"passed","title":"proxy does not return promise for .then access","duration":0.1875999999999749,"failureMessages":[],"meta":{}},{"ancestorTitles":["getClient()","proxy interface"],"fullName":"getClient() proxy interface allows deep nesting of proxy access","status":"passed","title":"allows deep nesting of proxy access","duration":0.15679999999997563,"failureMessages":[],"meta":{}},{"ancestorTitles":["getClient()","proxy interface"],"fullName":"getClient() proxy interface proxy call handler receives correct arguments","status":"passed","title":"proxy call handler receives correct arguments","duration":0.13529999999997244,"failureMessages":[],"meta":{}},{"ancestorTitles":["getClient()","subscription cancellation"],"fullName":"getClient() subscription cancellation sends subscription.end when generator.return() is called","status":"passed","title":"sends subscription.end when generator.return() is called","duration":0.2563000000000102,"failureMessages":[],"meta":{}},{"ancestorTitles":["getClient()","subscription cancellation"],"fullName":"getClient() subscription cancellation sends subscription.error when generator.throw() is called","status":"passed","title":"sends subscription.error when generator.throw() is called","duration":0.2833999999999719,"failureMessages":[],"meta":{}}],"startTime":1770083848132,"endTime":1770083848166.2834,"status":"passed","message":"","name":"C:/Users/bjvan/node/nrpc/tests/client.test.ts"},{"assertionResults":[{"ancestorTitles":["Integration: Client ↔ Server","Query execution"],"fullName":"Integration: Client ↔ Server Query execution executes simple query","status":"passed","title":"executes simple query","duration":1.4418999999999755,"failureMessages":[],"meta":{}},{"ancestorTitles":["Integration: Client ↔ Server","Query execution"],"fullName":"Integration: Client ↔ Server Query execution executes query with input parameter","status":"passed","title":"executes query with input parameter","duration":0.26089999999999236,"failureMessages":[],"meta":{}},{"ancestorTitles":["Integration: Client ↔ Server","Query execution"],"fullName":"Integration: Client ↔ Server Query execution executes query with validator","status":"passed","title":"executes query with validator","duration":0.15040000000004738,"failureMessages":[],"meta":{}},{"ancestorTitles":["Integration: Client ↔ Server","Query execution"],"fullName":"Integration: Client ↔ Server Query execution propagates errors from query method","status":"passed","title":"propagates errors from query method","duration":0.36630000000002383,"failureMessages":[],"meta":{}},{"ancestorTitles":["Integration: Client ↔ Server","Query execution"],"fullName":"Integration: Client ↔ Server Query execution returns correct context data","status":"passed","title":"returns correct context data","duration":0.5561000000000149,"failureMessages":[],"meta":{}},{"ancestorTitles":["Integration: Client ↔ Server","Subscription execution"],"fullName":"Integration: Client ↔ Server Subscription execution executes subscription and receives all data","status":"passed","title":"executes subscription and receives all data","duration":178.80360000000007,"failureMessages":[],"meta":{}},{"ancestorTitles":["Integration: Client ↔ Server","Subscription execution"],"fullName":"Integration: Client ↔ Server Subscription execution executes subscription with input parameter","status":"passed","title":"executes subscription with input parameter","duration":0.3123000000000502,"failureMessages":[],"meta":{}},{"ancestorTitles":["Integration: Client ↔ Server","Subscription execution"],"fullName":"Integration: Client ↔ Server Subscription execution handles async iteration over subscription","status":"passed","title":"handles async iteration over subscription","duration":185.59609999999998,"failureMessages":[],"meta":{}},{"ancestorTitles":["Integration: Client ↔ Server","Subscription execution"],"fullName":"Integration: Client ↔ Server Subscription execution handles subscription cancellation","status":"passed","title":"handles subscription cancellation","duration":0.7060000000000173,"failureMessages":[],"meta":{}},{"ancestorTitles":["Integration: Client ↔ Server","Nested router routing"],"fullName":"Integration: Client ↔ Server Nested router routing routes through one level of nesting","status":"passed","title":"routes through one level of nesting","duration":0.4277000000000726,"failureMessages":[],"meta":{}},{"ancestorTitles":["Integration: Client ↔ Server","Nested router routing"],"fullName":"Integration: Client ↔ Server Nested router routing applies middleware at each nesting level","status":"passed","title":"applies middleware at each nesting level","duration":0.2238999999999578,"failureMessages":[],"meta":{}},{"ancestorTitles":["Integration: Client ↔ Server","Nested router routing"],"fullName":"Integration: Client ↔ Server Nested router routing routes through two levels of nesting","status":"passed","title":"routes through two levels of nesting","duration":0.4353999999999587,"failureMessages":[],"meta":{}},{"ancestorTitles":["Integration: Client ↔ Server","Nested router routing"],"fullName":"Integration: Client ↔ Server Nested router routing executes subscription in nested router","status":"passed","title":"executes subscription in nested router","duration":0.8579999999999472,"failureMessages":[],"meta":{}},{"ancestorTitles":["Integration: Client ↔ Server","Nested router routing"],"fullName":"Integration: Client ↔ Server Nested router routing executes subscription in deeply nested router","status":"passed","title":"executes subscription in deeply nested router","duration":0.3772999999999911,"failureMessages":[],"meta":{}},{"ancestorTitles":["Integration: Client ↔ Server","Error handling"],"fullName":"Integration: Client ↔ Server Error handling handles invalid route path","status":"passed","title":"handles invalid route path","duration":0.183400000000006,"failureMessages":[],"meta":{}},{"ancestorTitles":["Integration: Client ↔ Server","Error handling"],"fullName":"Integration: Client ↔ Server Error handling handles invalid nested route path","status":"passed","title":"handles invalid nested route path","duration":0.15369999999995798,"failureMessages":[],"meta":{}},{"ancestorTitles":["Integration: Client ↔ Server","Error handling"],"fullName":"Integration: Client ↔ Server Error handling handles validator errors","status":"passed","title":"handles validator errors","duration":1.403699999999958,"failureMessages":[],"meta":{}},{"ancestorTitles":["Integration: Client ↔ Server","Multiple concurrent requests"],"fullName":"Integration: Client ↔ Server Multiple concurrent requests handles multiple queries in parallel","status":"passed","title":"handles multiple queries in parallel","duration":0.24490000000002965,"failureMessages":[],"meta":{}},{"ancestorTitles":["Integration: Client ↔ Server","Multiple concurrent requests"],"fullName":"Integration: Client ↔ Server Multiple concurrent requests handles multiple subscriptions in parallel","status":"passed","title":"handles multiple subscriptions in parallel","duration":120.12920000000008,"failureMessages":[],"meta":{}},{"ancestorTitles":["Integration: Client ↔ Server","Multiple concurrent requests"],"fullName":"Integration: Client ↔ Server Multiple concurrent requests handles mixed queries and subscriptions","status":"passed","title":"handles mixed queries and subscriptions","duration":187.21410000000003,"failureMessages":[],"meta":{}},{"ancestorTitles":["Integration: Client ↔ Server","Context propagation"],"fullName":"Integration: Client ↔ Server Context propagation passes context through middleware","status":"passed","title":"passes context through middleware","duration":0.3290999999999258,"failureMessages":[],"meta":{}},{"ancestorTitles":["Integration: Client ↔ Server","Context propagation"],"fullName":"Integration: Client ↔ Server Context propagation transforms context through middleware chain","status":"passed","title":"transforms context through middleware chain","duration":0.23869999999999436,"failureMessages":[],"meta":{}},{"ancestorTitles":["Integration: Client ↔ Server","Context propagation"],"fullName":"Integration: Client ↔ Server Context propagation preserves context across multiple operations","status":"passed","title":"preserves context across multiple operations","duration":0.19600000000002638,"failureMessages":[],"meta":{}},{"ancestorTitles":["Integration: Client ↔ Server","Cleanup"],"fullName":"Integration: Client ↔ Server Cleanup allows cleanup without errors","status":"passed","title":"allows cleanup without errors","duration":0.1490000000000009,"failureMessages":[],"meta":{}}],"startTime":1770083848183,"endTime":1770083848865.196,"status":"passed","message":"","name":"C:/Users/bjvan/node/nrpc/tests/integration.test.ts"},{"assertionResults":[{"ancestorTitles":["NRPCServer","getRoute()"],"fullName":"NRPCServer getRoute() resolves a simple query route","status":"passed","title":"resolves a simple query route","duration":1.487799999999993,"failureMessages":[],"meta":{}},{"ancestorTitles":["NRPCServer","getRoute()"],"fullName":"NRPCServer getRoute() resolves a subscription route","status":"passed","title":"resolves a subscription route","duration":0.2921000000000049,"failureMessages":[],"meta":{}},{"ancestorTitles":["NRPCServer","getRoute()"],"fullName":"NRPCServer getRoute() throws error for non-existent route","status":"passed","title":"throws error for non-existent route","duration":1.4687000000000126,"failureMessages":[],"meta":{}},{"ancestorTitles":["NRPCServer","getRoute()"],"fullName":"NRPCServer getRoute() applies middleware to context","status":"passed","title":"applies middleware to context","duration":0.398399999999981,"failureMessages":[],"meta":{}},{"ancestorTitles":["NRPCServer","getRoute()"],"fullName":"NRPCServer getRoute() resolves nested router with one level","status":"passed","title":"resolves nested router with one level","duration":0.237700000000018,"failureMessages":[],"meta":{}},{"ancestorTitles":["NRPCServer","getRoute()"],"fullName":"NRPCServer getRoute() resolves deeply nested router with two levels","status":"passed","title":"resolves deeply nested router with two levels","duration":0.30740000000002965,"failureMessages":[],"meta":{}},{"ancestorTitles":["NRPCServer","getRoute()"],"fullName":"NRPCServer getRoute() throws error for incomplete nested path","status":"passed","title":"throws error for incomplete nested path","duration":0.3159999999999741,"failureMessages":[],"meta":{}},{"ancestorTitles":["NRPCServer","call()"],"fullName":"NRPCServer call() executes a query method","status":"passed","title":"executes a query method","duration":0.14359999999999218,"failureMessages":[],"meta":{}},{"ancestorTitles":["NRPCServer","call()"],"fullName":"NRPCServer call() executes a query with validator","status":"passed","title":"executes a query with validator","duration":0.29630000000003065,"failureMessages":[],"meta":{}},{"ancestorTitles":["NRPCServer","call()"],"fullName":"NRPCServer call() executes a query with string validator","status":"passed","title":"executes a query with string validator","duration":0.1782999999999788,"failureMessages":[],"meta":{}},{"ancestorTitles":["NRPCServer","call()"],"fullName":"NRPCServer call() returns async iterator for subscription","status":"passed","title":"returns async iterator for subscription","duration":179.89349999999996,"failureMessages":[],"meta":{}},{"ancestorTitles":["NRPCServer","call()"],"fullName":"NRPCServer call() passes input to subscription method","status":"passed","title":"passes input to subscription method","duration":0.24080000000003565,"failureMessages":[],"meta":{}},{"ancestorTitles":["NRPCServer","call()"],"fullName":"NRPCServer call() throws error for non-existent route","status":"passed","title":"throws error for non-existent route","duration":0.2541999999999689,"failureMessages":[],"meta":{}},{"ancestorTitles":["NRPCServer","call()"],"fullName":"NRPCServer call() throws error for invalid validator","status":"passed","title":"throws error for invalid validator","duration":0.6358999999999924,"failureMessages":[],"meta":{}},{"ancestorTitles":["NRPCServer","call()"],"fullName":"NRPCServer call() propagates errors thrown in method","status":"passed","title":"propagates errors thrown in method","duration":0.19060000000001764,"failureMessages":[],"meta":{}},{"ancestorTitles":["NRPCServer","call()"],"fullName":"NRPCServer call() executes nested query with middleware transformation","status":"passed","title":"executes nested query with middleware transformation","duration":0.1368999999999687,"failureMessages":[],"meta":{}},{"ancestorTitles":["NRPCServer","call()"],"fullName":"NRPCServer call() executes deeply nested subscription","status":"passed","title":"executes deeply nested subscription","duration":0.3774999999999409,"failureMessages":[],"meta":{}},{"ancestorTitles":["NRPCServer","getLocalCaller()"],"fullName":"NRPCServer getLocalCaller() returns a proxy function","status":"passed","title":"returns a proxy function","duration":0.18880000000001473,"failureMessages":[],"meta":{}},{"ancestorTitles":["NRPCServer","getLocalCaller()"],"fullName":"NRPCServer getLocalCaller() allows calling queries via proxy","status":"passed","title":"allows calling queries via proxy","duration":0.15080000000000382,"failureMessages":[],"meta":{}},{"ancestorTitles":["NRPCServer","getLocalCaller()"],"fullName":"NRPCServer getLocalCaller() allows calling queries with parameters via proxy","status":"passed","title":"allows calling queries with parameters via proxy","duration":0.08779999999990196,"failureMessages":[],"meta":{}},{"ancestorTitles":["NRPCServer","getLocalCaller()"],"fullName":"NRPCServer getLocalCaller() allows calling subscriptions via proxy","status":"passed","title":"allows calling subscriptions via proxy","duration":183.59270000000004,"failureMessages":[],"meta":{}},{"ancestorTitles":["NRPCServer","getLocalCaller()"],"fullName":"NRPCServer getLocalCaller() allows accessing nested routes via proxy","status":"passed","title":"allows accessing nested routes via proxy","duration":0.4069000000000642,"failureMessages":[],"meta":{}},{"ancestorTitles":["NRPCServer","getLocalCaller()"],"fullName":"NRPCServer getLocalCaller() allows accessing deeply nested routes","status":"passed","title":"allows accessing deeply nested routes","duration":0.2857000000000198,"failureMessages":[],"meta":{}},{"ancestorTitles":["NRPCServer","getLocalCaller()"],"fullName":"NRPCServer getLocalCaller() propagates errors from nested calls","status":"passed","title":"propagates errors from nested calls","duration":0.45249999999998636,"failureMessages":[],"meta":{}},{"ancestorTitles":["NRPCServer","getConnection()"],"fullName":"NRPCServer getConnection() returns object with onMsg and onClose","status":"passed","title":"returns object with onMsg and onClose","duration":0.39400000000000546,"failureMessages":[],"meta":{}},{"ancestorTitles":["NRPCServer","getConnection()"],"fullName":"NRPCServer getConnection() handles query request messages","status":"passed","title":"handles query request messages","duration":60.22210000000007,"failureMessages":[],"meta":{}},{"ancestorTitles":["NRPCServer","getConnection()"],"fullName":"NRPCServer getConnection() handles query with parameters","status":"passed","title":"handles query with parameters","duration":62.61349999999993,"failureMessages":[],"meta":{}},{"ancestorTitles":["NRPCServer","getConnection()"],"fullName":"NRPCServer getConnection() handles errors and sends error response","status":"passed","title":"handles errors and sends error response","duration":62.97500000000002,"failureMessages":[],"meta":{}},{"ancestorTitles":["NRPCServer","getConnection()"],"fullName":"NRPCServer getConnection() handles subscription request","status":"passed","title":"handles subscription request","duration":1012.3495,"failureMessages":[],"meta":{}},{"ancestorTitles":["NRPCServer","getConnection()"],"fullName":"NRPCServer getConnection() handles subscription end message","status":"passed","title":"handles subscription end message","duration":61.00310000000013,"failureMessages":[],"meta":{}}],"startTime":1770083848179,"endTime":1770083849812.0032,"status":"passed","message":"","name":"C:/Users/bjvan/node/nrpc/tests/server.test.ts"},{"assertionResults":[{"ancestorTitles":["Worker Thread Communication","Basic query execution"],"fullName":"Worker Thread Communication Basic query execution executes simple query through worker","status":"passed","title":"executes simple query through worker","duration":146.23540000000003,"failureMessages":[],"meta":{}},{"ancestorTitles":["Worker Thread Communication","Basic query execution"],"fullName":"Worker Thread Communication Basic query execution executes query with parameters through worker","status":"passed","title":"executes query with parameters through worker","duration":135.899,"failureMessages":[],"meta":{}},{"ancestorTitles":["Worker Thread Communication","Basic query execution"],"fullName":"Worker Thread Communication Basic query execution executes multiple queries in sequence","status":"passed","title":"executes multiple queries in sequence","duration":165.08010000000002,"failureMessages":[],"meta":{}},{"ancestorTitles":["Worker Thread Communication","Basic query execution"],"fullName":"Worker Thread Communication Basic query execution executes queries in parallel","status":"passed","title":"executes queries in parallel","duration":149.70659999999998,"failureMessages":[],"meta":{}},{"ancestorTitles":["Worker Thread Communication","Subscription execution"],"fullName":"Worker Thread Communication Subscription execution receives subscription data through worker","status":"passed","title":"receives subscription data through worker","duration":357.25419999999997,"failureMessages":[],"meta":{}},{"ancestorTitles":["Worker Thread Communication","Subscription execution"],"fullName":"Worker Thread Communication Subscription execution receives subscription with input through worker","status":"passed","title":"receives subscription with input through worker","duration":122.21019999999999,"failureMessages":[],"meta":{}},{"ancestorTitles":["Worker Thread Communication","Subscription execution"],"fullName":"Worker Thread Communication Subscription execution handles multiple subscriptions concurrently","status":"passed","title":"handles multiple subscriptions concurrently","duration":339.5767000000001,"failureMessages":[],"meta":{}},{"ancestorTitles":["Worker Thread Communication","Error handling through worker"],"fullName":"Worker Thread Communication Error handling through worker handles invalid route","status":"passed","title":"handles invalid route","duration":113.79150000000004,"failureMessages":[],"meta":{}},{"ancestorTitles":["Worker Thread Communication","Serialization"],"fullName":"Worker Thread Communication Serialization handles null and undefined","status":"passed","title":"handles null and undefined","duration":140.21939999999995,"failureMessages":[],"meta":{}},{"ancestorTitles":["Worker Thread Communication","Serialization"],"fullName":"Worker Thread Communication Serialization handles complex nested structures in query results","status":"passed","title":"handles complex nested structures in query results","duration":137.27760000000012,"failureMessages":[],"meta":{}},{"ancestorTitles":["Worker Thread Communication","Worker cleanup"],"fullName":"Worker Thread Communication Worker cleanup cleans up worker properly","status":"passed","title":"cleans up worker properly","duration":123.33750000000009,"failureMessages":[],"meta":{}}],"startTime":1770083848180,"endTime":1770083850112.3374,"status":"passed","message":"","name":"C:/Users/bjvan/node/nrpc/tests/worker.test.ts"}]}